"../../Plugins/2D/Paper2D/Content/PlaceholderTextures/DummySpriteTexture.uasset" 0
"../../Plugins/2D/Paper2D/Content/DummySpriteTexture.uasset" 1
"../../Plugins/2D/Paper2D/Content/DefaultSpriteMaterial.uasset" 2
"../../Plugins/2D/Paper2D/Content/OpaqueUnlitSpriteMaterial.uasset" 3
"../../../../../../D drive for Heagney/UnrealProjects/LinzeysJourney/Content/2DSideScroller/Textures/2DBackground.uasset" 4
"../../../../../../D drive for Heagney/UnrealProjects/LinzeysJourney/Content/2DSideScroller/Sprites/Background_Sprite.uasset" 5
"../../../../../../D drive for Heagney/UnrealProjects/LinzeysJourney/Content/2dSideScroller/Textures/2DCharacter_IdleAnimAtlas.uasset" 6
"../../../../../../D drive for Heagney/UnrealProjects/LinzeysJourney/Content/2dSideScroller/Sprites/IdleFrames/IdleCycle1.uasset" 7
"../../../../../../D drive for Heagney/UnrealProjects/LinzeysJourney/Content/2dSideScroller/Sprites/IdleFrames/IdleCycle2.uasset" 8
"../../../../../../D drive for Heagney/UnrealProjects/LinzeysJourney/Content/2dSideScroller/Sprites/IdleFrames/IdleCycle3.uasset" 9
"../../../../../../D drive for Heagney/UnrealProjects/LinzeysJourney/Content/2dSideScroller/Sprites/IdleFrames/IdleCycle4.uasset" 10
"../../../../../../D drive for Heagney/UnrealProjects/LinzeysJourney/Content/2dSideScroller/Sprites/IdleFrames/IdleCycle5.uasset" 11
"../../../../../../D drive for Heagney/UnrealProjects/LinzeysJourney/Content/2dSideScroller/Sprites/IdleFrames/IdleCycle6.uasset" 12
"../../../../../../D drive for Heagney/UnrealProjects/LinzeysJourney/Content/2dSideScroller/Sprites/IdleFrames/IdleCycle7.uasset" 13
"../../../../../../D drive for Heagney/UnrealProjects/LinzeysJourney/Content/2dSideScroller/Sprites/IdleFrames/IdleCycle8.uasset" 14
"../../../../../../D drive for Heagney/UnrealProjects/LinzeysJourney/Content/2DSideScroller/Sprites/IdleAnimation.uasset" 15
"../../../../../../D drive for Heagney/UnrealProjects/LinzeysJourney/Content/2dSideScroller/Textures/2DBackgroundBlockAtlas.uasset" 16
"../../../../../../D drive for Heagney/UnrealProjects/LinzeysJourney/Content/2DSideScroller/Sprites/Ledge.uasset" 17
"../../../../../../D drive for Heagney/UnrealProjects/LinzeysJourney/Content/2dSideScroller/Textures/2DBackgroundTile.uasset" 18
"../../../../../../D drive for Heagney/UnrealProjects/LinzeysJourney/Content/2DSideScroller/Materials/PrototypingSpriteMaterial.uasset" 19
"../../../../../../D drive for Heagney/UnrealProjects/LinzeysJourney/Content/2DSideScroller/Sprites/PrototypingSprite.uasset" 20
"../../../../../../D drive for Heagney/UnrealProjects/LinzeysJourney/Content/2dSideScroller/Textures/2DCharacter_RunAnimAtlas.uasset" 21
"../../../../../../D drive for Heagney/UnrealProjects/LinzeysJourney/Content/2dSideScroller/Sprites/RunFrames/RunCycle_1.uasset" 22
"../../../../../../D drive for Heagney/UnrealProjects/LinzeysJourney/Content/2dSideScroller/Sprites/RunFrames/RunCycle_10.uasset" 23
"../../../../../../D drive for Heagney/UnrealProjects/LinzeysJourney/Content/2dSideScroller/Sprites/RunFrames/RunCycle_11.uasset" 24
"../../../../../../D drive for Heagney/UnrealProjects/LinzeysJourney/Content/2dSideScroller/Sprites/RunFrames/RunCycle_12.uasset" 25
"../../../../../../D drive for Heagney/UnrealProjects/LinzeysJourney/Content/2dSideScroller/Sprites/RunFrames/RunCycle_13.uasset" 26
"../../../../../../D drive for Heagney/UnrealProjects/LinzeysJourney/Content/2dSideScroller/Sprites/RunFrames/RunCycle_14.uasset" 27
"../../../../../../D drive for Heagney/UnrealProjects/LinzeysJourney/Content/2dSideScroller/Sprites/RunFrames/RunCycle_15.uasset" 28
"../../../../../../D drive for Heagney/UnrealProjects/LinzeysJourney/Content/2dSideScroller/Sprites/RunFrames/RunCycle_16.uasset" 29
"../../../../../../D drive for Heagney/UnrealProjects/LinzeysJourney/Content/2dSideScroller/Sprites/RunFrames/RunCycle_2.uasset" 30
"../../../../../../D drive for Heagney/UnrealProjects/LinzeysJourney/Content/2dSideScroller/Sprites/RunFrames/RunCycle_3.uasset" 31
"../../../../../../D drive for Heagney/UnrealProjects/LinzeysJourney/Content/2dSideScroller/Sprites/RunFrames/RunCycle_4.uasset" 32
"../../../../../../D drive for Heagney/UnrealProjects/LinzeysJourney/Content/2dSideScroller/Sprites/RunFrames/RunCycle_5.uasset" 33
"../../../../../../D drive for Heagney/UnrealProjects/LinzeysJourney/Content/2dSideScroller/Sprites/RunFrames/RunCycle_6.uasset" 34
"../../../../../../D drive for Heagney/UnrealProjects/LinzeysJourney/Content/2dSideScroller/Sprites/RunFrames/RunCycle_7.uasset" 35
"../../../../../../D drive for Heagney/UnrealProjects/LinzeysJourney/Content/2dSideScroller/Sprites/RunFrames/RunCycle_8.uasset" 36
"../../../../../../D drive for Heagney/UnrealProjects/LinzeysJourney/Content/2dSideScroller/Sprites/RunFrames/RunCycle_9.uasset" 37
"../../../../../../D drive for Heagney/UnrealProjects/LinzeysJourney/Content/2DSideScroller/Sprites/RunningAnimation.uasset" 38
"../../../../../../D drive for Heagney/UnrealProjects/LinzeysJourney/Content/2DSideScrollerBP/2DSideScrollerOverview.uasset" 39
"../../../Engine/Content/Animation/DefaultAnimCurveCompressionSettings.uasset" 40
"../../../Engine/Content/Functions/Engine_MaterialFunctions01/Opacity/CameraDepthFade.uasset" 41
"../../../Engine/Content/EngineMaterials/T_Default_Material_Grid_M.uasset" 42
"../../../Engine/Content/EngineMaterials/T_Default_Material_Grid_N.uasset" 43
"../../../Engine/Content/EngineMaterials/WorldGridMaterial.uasset" 44
"../../../Engine/Content/ArtTools/RenderToTexture/Meshes/S_1_Unit_Plane.uasset" 45
"../../../Engine/Content/EngineMaterials/DefaultMaterial.uasset" 46
"../../../Engine/Content/BasicShapes/Cone.uasset" 47
"../../../Engine/Content/BasicShapes/Cube.uasset" 48
"../../../Engine/Content/BasicShapes/Cylinder.uasset" 49
"../../../Engine/Content/BasicShapes/Plane.uasset" 50
"../../../Engine/Content/BasicShapes/Sphere.uasset" 51
"../../../Engine/Content/EditorLandscapeResources/DataLayer.uasset" 52
"../../../Engine/Content/EditorMaterials/GizmoMaterial.uasset" 53
"../../../Engine/Content/EditorMaterials/MAT_Groups_Toggle.uasset" 54
"../../../Engine/Content/EditorMaterials/MAT_Groups_Visibility.uasset" 55
"../../../Engine/Content/EditorMaterials/PreviewShadowIndicator.uasset" 56
"../../../Engine/Content/EditorMaterials/PreviewShadowIndicatorMaterial.uasset" 57
"../../../Engine/Content/EditorMaterials/MatineeGroups/MAT_ColorTrack.uasset" 58
"../../../Engine/Content/EditorMaterials/MatineeGroups/MAT_Groups_Anim.uasset" 59
"../../../Engine/Content/EditorMaterials/MatineeGroups/MAT_Groups_AudioMaster.uasset" 60
"../../../Engine/Content/EditorMaterials/MatineeGroups/MAT_Groups_Director.uasset" 61
"../../../Engine/Content/EditorMaterials/MatineeGroups/MAT_Groups_Event.uasset" 62
"../../../Engine/Content/EditorMaterials/MatineeGroups/MAT_Groups_Fade.uasset" 63
"../../../Engine/Content/EditorMaterials/MatineeGroups/MAT_Groups_Float.uasset" 64
"../../../Engine/Content/EditorMaterials/MatineeGroups/MAT_Groups_Move.uasset" 65
"../../../Engine/Content/EditorMaterials/MatineeGroups/MAT_Groups_Slomo.uasset" 66
"../../../Engine/Content/EditorMaterials/MatineeGroups/MAT_Groups_Sound.uasset" 67
"../../../Engine/Content/EditorMaterials/MatineeGroups/MAT_Groups_Vector.uasset" 68
"../../../Engine/Content/EditorMaterials/ParticleSystems/PSysThumbnail_NoImage.uasset" 69
"../../../Engine/Content/EditorMaterials/ParticleSystems/PSysThumbnail_OOD.uasset" 70
"../../../Engine/Content/EditorMaterials/Camera/CineMat.uasset" 71
"../../../Engine/Content/EditorMaterials/Camera/MI_CineMat_Rig.uasset" 72
"../../../Engine/Content/EditorMeshes/Camera/SM_CraneRig_Arm.uasset" 73
"../../../Engine/Content/EditorMeshes/Camera/SM_CraneRig_Base.uasset" 74
"../../../Engine/Content/EditorMeshes/Camera/SM_CraneRig_Body.uasset" 75
"../../../Engine/Content/EditorMeshes/Camera/SM_CraneRig_Mount.uasset" 76
"../../../Engine/Content/EditorMeshes/Camera/SM_RailRig_Mount.uasset" 77
"../../../Engine/Content/EditorMeshes/Camera/SM_RailRig_Track.uasset" 78
"../../../Engine/Content/EditorResources/BSPVertex.uasset" 79
"../../../Engine/Content/EditorResources/EmptyActor.uasset" 80
"../../../Engine/Content/EditorResources/S_Actor.uasset" 81
"../../../Engine/Content/EditorResources/S_Note.uasset" 82
"../../../Engine/Content/EditorResources/S_Solver.uasset" 83
"../../../Engine/Content/EditorResources/S_Trigger.uasset" 84
"../../../Engine/Content/EditorResources/SequenceRecorder/Countdown.uasset" 85
"../../../Engine/Content/EditorResources/SequenceRecorder/RecordingIndicator.uasset" 86
"../../../Engine/Content/EditorSounds/Notifications/CompileFailed.uasset" 87
"../../../Engine/Content/EditorSounds/Notifications/CompileFailed_Cue.uasset" 88
"../../../Engine/Content/EditorSounds/Notifications/CompileSuccess.uasset" 89
"../../../Engine/Content/EditorSounds/Notifications/CompileStart_Cue.uasset" 90
"../../../Engine/Content/EditorSounds/Notifications/CompileSuccess_Cue.uasset" 91
"../../../Engine/Content/EngineDamageTypes/DmgTypeBP_Environmental.uasset" 92
"../../../Engine/Content/EngineDebugMaterials/HeatmapGradient.uasset" 93
"../../../Engine/Content/EngineDebugMaterials/BoneWeightMaterial.uasset" 94
"../../../Engine/Content/EngineDebugMaterials/ClothMaterial.uasset" 95
"../../../Engine/Content/EngineDebugMaterials/ClothMaterial_WF.uasset" 96
"../../../Engine/Content/EngineDebugMaterials/DebugEditorMaterial.uasset" 97
"../../../Engine/Content/EngineDebugMaterials/DebugMeshMaterial.uasset" 98
"../../../Engine/Content/EngineDebugMaterials/GeomMaterial.uasset" 99
"../../../Engine/Content/EngineDebugMaterials/M_SimpleTranslucent.uasset" 100
"../../../Engine/Content/Functions/Engine_MaterialFunctions02/Utility/CameraDirectionVector.uasset" 101
"../../../Engine/Content/EngineDebugMaterials/VolumeToRender.uasset" 102
"../../../Engine/Content/EngineDebugMaterials/M_VolumeRenderSphereTracePP.uasset" 103
"../../../Engine/Content/EngineDebugMaterials/WireframeMaterial.uasset" 104
"../../../Engine/Content/EngineFonts/Faces/RobotoBold.uasset" 105
"../../../Engine/Content/EngineFonts/Faces/RobotoBoldItalic.uasset" 106
"../../../Engine/Content/EngineFonts/Faces/RobotoItalic.uasset" 107
"../../../Engine/Content/EngineFonts/Faces/RobotoLight.uasset" 108
"../../../Engine/Content/EngineFonts/Faces/RobotoRegular.uasset" 109
"../../../Engine/Content/EngineFonts/Roboto.uasset" 110
"../../../Engine/Content/EngineMaterials/BaseFlattenDiffuseMap.uasset" 111
"../../../Engine/Content/EngineMaterials/BaseFlattenEmissiveMap.uasset" 112
"../../../Engine/Content/EngineMaterials/BaseFlattenGrayscaleMap.uasset" 113
"../../../Engine/Content/EngineMaterials/BaseFlattenNormalMap.uasset" 114
"../../../Engine/Content/EngineMaterials/BaseFlattenMaterial.uasset" 115
"../../../Engine/Content/EngineMaterials/BlueNoise.uasset" 116
"../../../Engine/Content/EngineMaterials/DefaultBloomKernel.uasset" 117
"../../../Engine/Content/EngineMaterials/DefaultBokeh.uasset" 118
"../../../Engine/Content/EngineMaterials/DefaultDiffuse.uasset" 119
"../../../Engine/Content/EngineMaterials/DefaultDeferredDecalMaterial.uasset" 120
"../../../Engine/Content/EngineMaterials/DefaultLightFunctionMaterial.uasset" 121
"../../../Engine/Content/EngineMaterials/DefaultPhysicalMaterial.uasset" 122
"../../../Engine/Content/Functions/Engine_MaterialFunctions02/Utility/BreakOutFloat2Components.uasset" 123
"../../../Engine/Content/EngineMaterials/DefaultPostProcessMaterial.uasset" 124
"../../../Engine/Content/EngineFonts/RobotoDistanceField.uasset" 125
"../../../Engine/Content/EngineMaterials/DefaultTextMaterialOpaque.uasset" 126
"../../../Engine/Content/EngineMaterials/DefaultVirtualTextureMaterial.uasset" 127
"../../../Engine/Content/EngineMaterials/DefaultWhiteGrid.uasset" 128
"../../../Engine/Content/EngineMaterials/EditorBrushMaterial.uasset" 129
"../../../Engine/Content/EngineMaterials/DefaultWhiteGrid_Low.uasset" 130
"../../../Engine/Content/EngineMaterials/EmissiveMeshMaterial.uasset" 131
"../../../Engine/Content/EngineMaterials/Good64x64TilingNoiseHighFreq.uasset" 132
"../../../Engine/Content/EngineMaterials/MiniFont.uasset" 133
"../../../Engine/Content/EngineMaterials/InvalidLightmapSettings.uasset" 134
"../../../Engine/Content/EngineMaterials/M_InvalidLightmapSettings.uasset" 135
"../../../Engine/Content/Functions/Engine_MaterialFunctions02/WorldPositionOffset/CameraOffset.uasset" 136
"../../../Engine/Content/EngineMaterials/PhAT_JointLimitMaterial.uasset" 137
"../../../Engine/Content/EngineMaterials/PreintegratedSkinBRDF.uasset" 138
"../../../Engine/Content/EngineMaterials/RemoveSurfaceMaterial.uasset" 139
"../../../Engine/Content/EngineMaterials/WeightMapPlaceholderTexture.uasset" 140
"../../../Engine/Content/EngineResources/WhiteSquareTexture.uasset" 141
"../../../Engine/Content/EngineMaterials/Widget3DPassThrough.uasset" 142
"../../../Engine/Content/EngineMaterials/Widget3DPassThrough_Masked.uasset" 143
"../../../Engine/Content/EngineMaterials/Widget3DPassThrough_Opaque.uasset" 144
"../../../Engine/Content/EngineMaterials/Widget3DPassThrough_Masked_OneSided.uasset" 145
"../../../Engine/Content/EngineMaterials/Widget3DPassThrough_Opaque_OneSided.uasset" 146
"../../../Engine/Content/EngineMaterials/Widget3DPassThrough_Translucent.uasset" 147
"../../../Engine/Content/EngineMaterials/Widget3DPassThrough_Translucent_OneSided.uasset" 148
"../../../Engine/Content/EngineMeshes/Cylinder.uasset" 149
"../../../Engine/Content/EngineMeshes/Sphere.uasset" 150
"../../../Engine/Content/EngineResources/Black.uasset" 151
"../../../Engine/Content/EngineResources/DefaultTexture.uasset" 152
"../../../Engine/Content/EngineResources/DefaultTextureCube.uasset" 153
"../../../Engine/Content/EngineResources/DefaultVolumeTexture2D.uasset" 154
"../../../Engine/Content/EngineResources/DefaultVolumeTexture.uasset" 155
"../../../Engine/Content/EngineResources/GradientTexture0.uasset" 156
"../../../Engine/Content/EngineSounds/Master.uasset" 157
"../../../Engine/Content/Functions/Engine_MaterialFunctions01/Shading/ConvertFromDiffSpec.uasset" 158
"../../../Engine/Content/Functions/Engine_MaterialFunctions01/Shading/PowerToRoughness.uasset" 159
"../../../Engine/Content/Maps/Templates/Thumbnails/Default.uasset" 160
"../../../Engine/Content/Maps/Templates/Thumbnails/VR-Basic.uasset" 161
"../../../Engine/Content/MobileResources/T_MobileControls_texture.uasset" 162
"../../../Engine/Content/MobileResources/T_MobileMenu2.uasset" 163
"../../../Engine/Content/MobileResources/HUD/AnalogHat.uasset" 164
"../../../Engine/Content/MobileResources/HUD/VirtualJoystick_Background.uasset" 165
"../../../Engine/Content/MobileResources/HUD/VirtualJoystick_Thumb.uasset" 166
"../../../Engine/Content/MobileResources/HUD/DefaultVirtualJoysticks.uasset" 167
"../../../Engine/Content/MobileResources/HUD/LeftVirtualJoystickOnly.uasset" 168
"../../../Engine/Content/MobileResources/HUD/MobileHUDButton1_off.uasset" 169
"../../../Engine/Content/MobileResources/HUD/MobileHUDButton1_on.uasset" 170
"../../../Engine/Content/MobileResources/HUD/MobileHUDButton2_off.uasset" 171
"../../../Engine/Content/MobileResources/HUD/MobileHUDButton2_on.uasset" 172
"../../../Engine/Content/MobileResources/HUD/MobileHUDButton3.uasset" 173
"../../../Engine/Content/MobileResources/HUD/MobileHUDButtonFire.uasset" 174
"../../../Engine/Content/MobileResources/HUD/MobileHUDDirectionPad.uasset" 175
"../../../Engine/Content/MobileResources/HUD/MobileHUDDirectionPad2.uasset" 176
"../../../Engine/Content/MobileResources/HUD/MobileHUDDirectionPad3.uasset" 177
"../../../Engine/Content/MobileResources/HUD/MobileHUDDirectionStick.uasset" 178
"../../../Engine/Content/MobileResources/HUD/T_Castle_ThumbstickInner.uasset" 179
"../../../Engine/Content/MobileResources/HUD/T_Castle_ThumbstickOutter.uasset" 180
"../../../Engine/Content/Tutorial/ContentIntroCurve.uasset" 181
"../../../Engine/Content/Tutorial/Basics/LevelEditorAttract.uasset" 182
"../../../Engine/Content/Tutorial/Basics/TutorialAssets/icon_tab_Levels_40x.uasset" 183
"../../../Engine/Content/Tutorial/Basics/LevelEditorOverview.uasset" 184
"../../../Engine/Content/Tutorial/Mobile/TutorialAssets/android_Icon.uasset" 185
"../../../Engine/Content/Tutorial/Mobile/SettingUpAndroidTutorial.uasset" 186
"../../../Engine/Content/VREditor/LaserPointer/VR_LaserPower_01.uasset" 187
"../../../Engine/Content/VREditor/TransformGizmo/TransformGizmoMaterial.uasset" 188
"../../../Engine/Content/VREditor/TransformGizmo/TranslucentTransformGizmoMaterial.uasset" 189
"../../../Engine/Content/VREditor/TransformGizmo/BoundingBoxCorner.uasset" 190
"../../../Engine/Content/VREditor/TransformGizmo/BoundingBoxEdge.uasset" 191
"../../../Engine/Content/VREditor/TransformGizmo/PlaneTranslationHandle.uasset" 192
"../../../Engine/Content/VREditor/TransformGizmo/Main.uasset" 193
"../../../Engine/Content/VREditor/TransformGizmo/Xray.uasset" 194
"../../../Engine/Content/VREditor/TransformGizmo/SM_Sequencer_Key.uasset" 195
"../../../Engine/Content/VREditor/TransformGizmo/SM_Sequencer_Node.uasset" 196
"../../Plugins/2D/Paper2D/Content/DummySprite.uasset" 197
"../../Plugins/2D/Paper2D/Content/DefaultPaperTerrainMaterial.uasset" 198
"../../Plugins/2D/Paper2D/Content/MaskedUnlitSpriteMaterial.uasset" 199
"../../Plugins/Runtime/Oculus/OculusVR/Content/OculusMR_RenderTarget.uasset" 200
"../../../Engine/Content/Functions/Engine_MaterialFunctions02/Utility/BreakOutFloat4Components.uasset" 201
"../../../Engine/Content/Functions/Engine_MaterialFunctions02/Utility/MakeFloat2.uasset" 202
"../../../Engine/Content/Functions/Engine_MaterialFunctions02/Utility/MakeFloat3.uasset" 203
"../../Plugins/Runtime/Oculus/OculusVR/Content/Materials/OculusMR_ChromaKey.uasset" 204
"../../Plugins/Runtime/Oculus/OculusVR/Content/Materials/OculusMR_ChromaKey_Lit.uasset" 205
"../../Plugins/Runtime/Oculus/OculusVR/Content/Materials/OculusMR_OpaqueColoredMaterial.uasset" 206
"../../Plugins/Runtime/Oculus/OculusVR/Content/Materials/OculusMR_WhiteMaterial.uasset" 207
"../../../Engine/Content/EditorBlueprintResources/StandardMacros.uasset" 208
"../../Plugins/2D/Paper2D/Content/TranslucentUnlitSpriteMaterial.uasset" 209
"../../../../../../D drive for Heagney/UnrealProjects/LinzeysJourney/Content/Textures/LinzeySketch.uasset" 210
"../../../../../../D drive for Heagney/UnrealProjects/LinzeysJourney/Content/Textures/LinzeySketch_Sprite.uasset" 211
"../../../../../../D drive for Heagney/UnrealProjects/LinzeysJourney/Content/Textures/LinzeySketch_Flipbook.uasset" 212
"../../../../../../D drive for Heagney/UnrealProjects/LinzeysJourney/Content/2DSideScrollerBP/Blueprints/2DSideScrollerCharacter.uasset" 213
"../../../../../../D drive for Heagney/UnrealProjects/LinzeysJourney/Content/2DSideScrollerBP/Blueprints/NewInterface.uasset" 214
"../../../../../../D drive for Heagney/UnrealProjects/LinzeysJourney/Content/2DSideScroller/Textures/Giraffe.uasset" 215
"../../../../../../D drive for Heagney/UnrealProjects/LinzeysJourney/Content/2DSideScroller/Textures/Giraffe_Sprite.uasset" 216
"../../../../../../D drive for Heagney/UnrealProjects/LinzeysJourney/Content/Blueprints/Giraffe_BP.uasset" 217
"../../../../../../D drive for Heagney/UnrealProjects/LinzeysJourney/Content/2DSideScrollerBP/Blueprints/2DSideScrollerGameMode.uasset" 218
"../../../../../../D drive for Heagney/UnrealProjects/LinzeysJourney/Content/Textures/Gems/Gem_01.uasset" 219
"../../../../../../D drive for Heagney/UnrealProjects/LinzeysJourney/Content/Textures/Gems/Gem_01_Sprite.uasset" 220
"../../../../../../D drive for Heagney/UnrealProjects/LinzeysJourney/Content/Textures/Gems/Gem_02.uasset" 221
"../../../../../../D drive for Heagney/UnrealProjects/LinzeysJourney/Content/Textures/Gems/Gem_02_Sprite.uasset" 222
"../../../../../../D drive for Heagney/UnrealProjects/LinzeysJourney/Content/Textures/Gems/Gem_03.uasset" 223
"../../../../../../D drive for Heagney/UnrealProjects/LinzeysJourney/Content/Textures/Gems/Gem_03_Sprite.uasset" 224
"../../../../../../D drive for Heagney/UnrealProjects/LinzeysJourney/Content/Textures/Gems/Gem_04.uasset" 225
"../../../../../../D drive for Heagney/UnrealProjects/LinzeysJourney/Content/Textures/Gems/Gem_04_Sprite.uasset" 226
"../../../../../../D drive for Heagney/UnrealProjects/LinzeysJourney/Content/Textures/Gems/Gem_05.uasset" 227
"../../../../../../D drive for Heagney/UnrealProjects/LinzeysJourney/Content/Textures/Gems/Gem_05_Sprite.uasset" 228
"../../../../../../D drive for Heagney/UnrealProjects/LinzeysJourney/Content/Textures/Gems/Gem_06.uasset" 229
"../../../../../../D drive for Heagney/UnrealProjects/LinzeysJourney/Content/Textures/Gems/Gem_06_Sprite.uasset" 230
"../../../../../../D drive for Heagney/UnrealProjects/LinzeysJourney/Content/Textures/Gems/Gem_07.uasset" 231
"../../../../../../D drive for Heagney/UnrealProjects/LinzeysJourney/Content/Textures/Gems/Gem_07_Sprite.uasset" 232
"../../../../../../D drive for Heagney/UnrealProjects/LinzeysJourney/Content/Textures/Gems/Gem_08.uasset" 233
"../../../../../../D drive for Heagney/UnrealProjects/LinzeysJourney/Content/Textures/Gems/Gem_08_Sprite.uasset" 234
"../../../../../../D drive for Heagney/UnrealProjects/LinzeysJourney/Content/Textures/Gems/Gem_FB.uasset" 235
"../../../../../../D drive for Heagney/UnrealProjects/LinzeysJourney/Content/Blueprints/Gem_BP.uasset" 236
"../../../../../../D drive for Heagney/UnrealProjects/LinzeysJourney/Content/2DSideScrollerBP/Maps/2DSideScrollerExampleMap_BuiltData.uasset" 237
"../../../Engine/Content/MapTemplates/Bokeh_5Sides.uasset" 238
"../../../Engine/Content/MapTemplates/T_ScreenDirt02_w.uasset" 239
"../../../../../../D drive for Heagney/UnrealProjects/LinzeysJourney/Content/2DSideScroller/Textures/bush2.uasset" 240
"../../../../../../D drive for Heagney/UnrealProjects/LinzeysJourney/Content/2DSideScroller/Sprites/bush2_Sprite.uasset" 241
"../../../../../../D drive for Heagney/UnrealProjects/LinzeysJourney/Content/2DSideScroller/Textures/Avacato_sm.uasset" 242
"../../../../../../D drive for Heagney/UnrealProjects/LinzeysJourney/Content/2DSideScroller/Textures/Avacato_sm_Sprite.uasset" 243
"../../../../../../D drive for Heagney/UnrealProjects/LinzeysJourney/Content/2DSideScroller/Textures/stick.uasset" 244
"../../../../../../D drive for Heagney/UnrealProjects/LinzeysJourney/Content/2DSideScroller/Textures/stick_Sprite.uasset" 245
"../../../../../../D drive for Heagney/UnrealProjects/LinzeysJourney/Content/Widgets/Score.uasset" 246
"../../../../../../D drive for Heagney/UnrealProjects/LinzeysJourney/Content/2DSideScrollerBP/Maps/2DSideScrollerExampleMap.umap" 247
"../../../Engine/Content/Maps/Entry_BuiltData.uasset" 248
"../../../Engine/Content/Maps/Entry.umap" 249
