Log file open, 03/28/20 13:33:53
LogWindows: Failed to load 'aqProf.dll' (GetLastError=126)
LogWindows: File 'aqProf.dll' does not exist
LogWindows: Failed to load 'VtuneApi.dll' (GetLastError=126)
LogWindows: File 'VtuneApi.dll' does not exist
LogWindows: Failed to load 'VtuneApi32e.dll' (GetLastError=126)
LogWindows: File 'VtuneApi32e.dll' does not exist
LogConsoleResponse: Display: Failed to find resolution value strings in scalability ini. Falling back to default.
LogInit: Display: Running engine for game: LinzeysJourney
LogPlatformFile: Not using cached read wrapper
LogTaskGraph: Started task graph with 5 named threads and 14 total threads with 3 sets of task threads.
LogStats: Stats thread started at 2.328684
LogD3D11RHI: Loaded GFSDK_Aftermath_Lib.x64.dll
LogICUInternationalization: ICU TimeZone Detection - Raw Offset: -5:00, Platform Override: ''
LogPluginManager: Mounting plugin Paper2D
LogPluginManager: Mounting plugin AISupport
LogPluginManager: Mounting plugin LightPropagationVolume
LogPluginManager: Mounting plugin ActorLayerUtilities
LogPluginManager: Mounting plugin AnimationSharing
LogPluginManager: Mounting plugin CLionSourceCodeAccess
LogPluginManager: Mounting plugin CodeLiteSourceCodeAccess
LogPluginManager: Mounting plugin GitSourceControl
LogPluginManager: Mounting plugin KDevelopSourceCodeAccess
LogPluginManager: Mounting plugin NullSourceCodeAccess
LogPluginManager: Mounting plugin PerforceSourceControl
LogPluginManager: Mounting plugin SubversionSourceControl
LogPluginManager: Mounting plugin UObjectPlugin
LogPluginManager: Mounting plugin VisualStudioCodeSourceCodeAccess
LogPluginManager: Mounting plugin VisualStudioSourceCodeAccess
LogPluginManager: Mounting plugin XCodeSourceCodeAccess
LogPluginManager: Mounting plugin AssetManagerEditor
LogPluginManager: Mounting plugin CryptoKeys
LogPluginManager: Mounting plugin CurveEditorTools
LogPluginManager: Mounting plugin DataValidation
LogPluginManager: Mounting plugin EditorScriptingUtilities
LogPluginManager: Mounting plugin FacialAnimation
LogPluginManager: Mounting plugin GameplayTagsEditor
LogPluginManager: Mounting plugin GLTFImporter
LogPluginManager: Mounting plugin MacGraphicsSwitching
LogPluginManager: Mounting plugin MaterialAnalyzer
LogPluginManager: Mounting plugin MeshEditor
LogPluginManager: Mounting plugin MobileLauncherProfileWizard
LogPluginManager: Mounting plugin PluginBrowser
LogPluginManager: Mounting plugin SpeedTreeImporter
LogPluginManager: Mounting plugin DatasmithContent
LogPluginManager: Mounting plugin VariantManagerContent
LogPluginManager: Mounting plugin AlembicImporter
LogPluginManager: Mounting plugin AutomationUtils
LogPluginManager: Mounting plugin BackChannel
LogPluginManager: Mounting plugin BlastPlugin
LogPluginManager: Mounting plugin ChaosSolverPlugin
LogPluginManager: Mounting plugin CharacterAI
LogPluginManager: Mounting plugin DataPrepEditor
LogPluginManager: Mounting plugin GeometryCache
LogPluginManager: Mounting plugin GeometryCollectionPlugin
LogPluginManager: Mounting plugin HTML5Networking
LogPluginManager: Mounting plugin PlatformCrypto
LogPluginManager: Mounting plugin ProxyLODPlugin
LogPluginManager: Mounting plugin SkeletalReduction
LogPluginManager: Mounting plugin MagicLeap
LogPluginManager: Mounting plugin MagicLeapMedia
LogPluginManager: Mounting plugin AndroidMedia
LogPluginManager: Mounting plugin AvfMedia
LogPluginManager: Mounting plugin ImgMedia
LogPluginManager: Mounting plugin MediaCompositing
LogPluginManager: Mounting plugin MediaPlayerEditor
LogPluginManager: Mounting plugin WebMMedia
LogPluginManager: Mounting plugin WmfMedia
LogPluginManager: Mounting plugin TcpMessaging
LogPluginManager: Mounting plugin UdpMessaging
LogPluginManager: Mounting plugin ActorSequence
LogPluginManager: Mounting plugin LevelSequenceEditor
LogPluginManager: Mounting plugin MatineeToLevelSequence
LogPluginManager: Mounting plugin NetcodeUnitTest
LogPluginManager: Mounting plugin NUTUnrealEngine4
LogPluginManager: Mounting plugin OnlineSubsystemGooglePlay
LogPluginManager: Mounting plugin OnlineSubsystemIOS
LogPluginManager: Mounting plugin OnlineSubsystem
LogPluginManager: Mounting plugin OnlineSubsystemNull
LogPluginManager: Mounting plugin OnlineSubsystemUtils
LogPluginManager: Mounting plugin LauncherChunkInstaller
LogPluginManager: Mounting plugin AndroidDeviceProfileSelector
LogPluginManager: Mounting plugin AndroidMoviePlayer
LogPluginManager: Mounting plugin AndroidPermission
LogPluginManager: Mounting plugin AppleImageUtils
LogPluginManager: Mounting plugin AppleMoviePlayer
LogPluginManager: Mounting plugin ArchVisCharacter
LogPluginManager: Mounting plugin AudioCapture
LogPluginManager: Mounting plugin CableComponent
LogPluginManager: Mounting plugin CustomMeshComponent
LogPluginManager: Mounting plugin EditableMesh
LogPluginManager: Mounting plugin ExampleDeviceProfileSelector
LogPluginManager: Mounting plugin GoogleCloudMessaging
LogPluginManager: Mounting plugin IOSDeviceProfileSelector
LogPluginManager: Mounting plugin LinuxDeviceProfileSelector
LogPluginManager: Mounting plugin LocationServicesBPLibrary
LogPluginManager: Mounting plugin MobilePatchingUtils
LogPluginManager: Mounting plugin OculusVR
LogPluginManager: Mounting plugin PhysXVehicles
LogPluginManager: Mounting plugin ProceduralMeshComponent
LogPluginManager: Mounting plugin RuntimePhysXCooking
LogPluginManager: Mounting plugin SignificanceManager
LogPluginManager: Mounting plugin SteamVR
LogPluginManager: Mounting plugin WebMMoviePlayer
LogPluginManager: Mounting plugin WindowsMoviePlayer
LogPluginManager: Mounting plugin ScreenshotTools
LogPluginManager: Mounting plugin DatasmithC4DImporter
LogPluginManager: Mounting plugin DatasmithCADImporter
LogPluginManager: Mounting plugin DatasmithFBXImporter
LogPluginManager: Mounting plugin DatasmithGLTFImporter
LogPluginManager: Mounting plugin DatasmithIFCImporter
LogPluginManager: Mounting plugin DatasmithImporter
LogPluginManager: Mounting plugin MDLImporter
LogPluginManager: Mounting plugin StaticMeshEditorExtension
LogPluginManager: Mounting plugin VariantManager
LogInit: Using libcurl 7.55.1-DEV
LogInit:  - built for x86_64-pc-win32
LogInit:  - supports SSL with OpenSSL/1.1.1
LogInit:  - supports HTTP deflate (compression) using libz 1.2.8
LogInit:  - other features:
LogInit:      CURL_VERSION_SSL
LogInit:      CURL_VERSION_LIBZ
LogInit:      CURL_VERSION_IPV6
LogInit:      CURL_VERSION_ASYNCHDNS
LogInit:      CURL_VERSION_LARGEFILE
LogInit:      CURL_VERSION_IDN
LogInit:  CurlRequestOptions (configurable via config and command line):
LogInit:  - bVerifyPeer = true  - Libcurl will verify peer certificate
LogInit:  - bUseHttpProxy = false  - Libcurl will NOT use HTTP proxy
LogInit:  - bDontReuseConnections = false  - Libcurl will reuse connections
LogInit:  - MaxHostConnections = 16  - Libcurl will limit the number of connections to a host
LogInit:  - LocalHostAddr = Default
LogInit:  - BufferSize = 65536
LogOnline: OSS: Creating online subsystem instance for: NULL
LogInit: WinSock: version 1.1 (2.2), MaxSocks=32767, MaxUdp=65467
LogInit: Build: ++UE4+Release-4.23-CL-9631420
LogInit: Engine Version: 4.23.1-9631420+++UE4+Release-4.23
LogInit: Compatible Engine Version: 4.23.0-8386587+++UE4+Release-4.23
LogInit: Net CL: 8386587
LogInit: OS: Windows 10 (Release 1903) (), CPU: Intel(R) Core(TM) i5-4570 CPU @ 3.20GHz, GPU: NVIDIA GeForce GTX 760
LogInit: Compiled (64-bit): Oct 18 2019 02:07:44
LogInit: Compiled with Visual C++: 19.16.27030.01
LogInit: Build Configuration: Development
LogInit: Branch Name: ++UE4+Release-4.23
LogInit: Command Line:  -EpicPortal -epicusername=brianheagney -epicuserid=3a15c16e62a1446098e2e692bc3c59ca -epiclocale=en
LogInit: Base Directory: C:/Program Files/Epic Games/UE_4.23/Engine/Binaries/Win64/
LogInit: Installed Engine Build: 1
LogDevObjectVersion: Number of dev versions registered: 23
LogDevObjectVersion:   Dev-Blueprints (B0D832E4-1F89-4F0D-ACCF-7EB736FD4AA2): 10
LogDevObjectVersion:   Dev-Build (E1C64328-A22C-4D53-A36C-8E866417BD8C): 0
LogDevObjectVersion:   Dev-Core (375EC13C-06E4-48FB-B500-84F0262A717E): 3
LogDevObjectVersion:   Dev-Editor (E4B068ED-F494-42E9-A231-DA0B2E46BB41): 34
LogDevObjectVersion:   Dev-Framework (CFFC743F-43B0-4480-9391-14DF171D2073): 35
LogDevObjectVersion:   Dev-Mobile (B02B49B5-BB20-44E9-A304-32B752E40360): 2
LogDevObjectVersion:   Dev-Networking (A4E4105C-59A1-49B5-A7C5-40C4547EDFEE): 0
LogDevObjectVersion:   Dev-Online (39C831C9-5AE6-47DC-9A44-9C173E1C8E7C): 0
LogDevObjectVersion:   Dev-Physics (78F01B33-EBEA-4F98-B9B4-84EACCB95AA2): 0
LogDevObjectVersion:   Dev-Platform (6631380F-2D4D-43E0-8009-CF276956A95A): 0
LogDevObjectVersion:   Dev-Rendering (12F88B9F-8875-4AFC-A67C-D90C383ABD29): 31
LogDevObjectVersion:   Dev-Sequencer (7B5AE74C-D270-4C10-A958-57980B212A5A): 11
LogDevObjectVersion:   Dev-VR (D7296918-1DD6-4BDD-9DE2-64A83CC13884): 2
LogDevObjectVersion:   Dev-LoadTimes (C2A15278-BFE7-4AFE-6C17-90FF531DF755): 1
LogDevObjectVersion:   Private-Geometry (6EACA3D4-40EC-4CC1-B786-8BED09428FC5): 3
LogDevObjectVersion:   Dev-AnimPhys (29E575DD-E0A3-4627-9D10-D276232CDCEA): 17
LogDevObjectVersion:   Dev-Anim (AF43A65D-7FD3-4947-9873-3E8ED9C1BB05): 2
LogDevObjectVersion:   Dev-ReflectionCapture (6B266CEC-1EC7-4B8F-A30B-E4D90942FC07): 1
LogDevObjectVersion:   Dev-Automation (0DF73D61-A23F-47EA-B727-89E90C41499A): 1
LogDevObjectVersion:   FortniteMain (601D1886-AC64-4F84-AA16-D3DE0DEAC7D6): 27
LogDevObjectVersion:   Dev-Enterprise (9DFFBCD6-494F-0158-E221-12823C92A888): 6
LogDevObjectVersion:   Dev-Niagara (F2AED0AC-9AFE-416F-8664-AA7FFA26D6FC): 1
LogDevObjectVersion:   Dev-Destruction (174F1F0B-B4C6-45A5-B13F-2EE8D0FB917D): 9
LogInit: Presizing for max 16777216 objects, including 0 objects not considered by GC, pre-allocating 0 bytes for permanent pool.
LogInit: Object subsystem initialized
LogConfig: Setting CVar [[con.DebugEarlyDefault:1]]
LogConfig: Setting CVar [[r.setres:1280x720]]
[2020.03.28-17.34.01:759][  0]LogConfig: Setting CVar [[r.VSync:0]]
[2020.03.28-17.34.01:759][  0]LogConfig: Setting CVar [[r.RHICmdBypass:0]]
[2020.03.28-17.34.01:759][  0]LogConfig: Applying CVar settings from Section [/Script/Engine.RendererSettings] File [C:/Users/Brian/Documents/HPU/Fun/MushroomHouse/UnrealProjects/LinzeysJourney/Saved/Config/Windows/Engine.ini]
[2020.03.28-17.34.01:759][  0]LogConfig: Setting CVar [[r.GPUCrashDebugging:0]]
[2020.03.28-17.34.01:759][  0]LogConfig: Setting CVar [[r.MobileHDR:0]]
[2020.03.28-17.34.01:759][  0]LogConfig: Applying CVar settings from Section [/Script/Engine.RendererOverrideSettings] File [C:/Users/Brian/Documents/HPU/Fun/MushroomHouse/UnrealProjects/LinzeysJourney/Saved/Config/Windows/Engine.ini]
[2020.03.28-17.34.01:759][  0]LogConfig: Applying CVar settings from Section [/Script/Engine.StreamingSettings] File [C:/Users/Brian/Documents/HPU/Fun/MushroomHouse/UnrealProjects/LinzeysJourney/Saved/Config/Windows/Engine.ini]
[2020.03.28-17.34.01:759][  0]LogConfig: Setting CVar [[s.MinBulkDataSizeForAsyncLoading:131072]]
[2020.03.28-17.34.01:759][  0]LogConfig: Setting CVar [[s.AsyncLoadingThreadEnabled:0]]
[2020.03.28-17.34.01:759][  0]LogConfig: Setting CVar [[s.EventDrivenLoaderEnabled:1]]
[2020.03.28-17.34.01:759][  0]LogConfig: Setting CVar [[s.WarnIfTimeLimitExceeded:0]]
[2020.03.28-17.34.01:759][  0]LogConfig: Setting CVar [[s.TimeLimitExceededMultiplier:1.5]]
[2020.03.28-17.34.01:759][  0]LogConfig: Setting CVar [[s.TimeLimitExceededMinTime:0.005]]
[2020.03.28-17.34.01:759][  0]LogConfig: Setting CVar [[s.UseBackgroundLevelStreaming:1]]
[2020.03.28-17.34.01:759][  0]LogConfig: Setting CVar [[s.PriorityAsyncLoadingExtraTime:15.0]]
[2020.03.28-17.34.01:759][  0]LogConfig: Setting CVar [[s.LevelStreamingActorsUpdateTimeLimit:5.0]]
[2020.03.28-17.34.01:759][  0]LogConfig: Setting CVar [[s.PriorityLevelStreamingActorsUpdateExtraTime:5.0]]
[2020.03.28-17.34.01:759][  0]LogConfig: Setting CVar [[s.LevelStreamingComponentsRegistrationGranularity:10]]
[2020.03.28-17.34.01:759][  0]LogConfig: Setting CVar [[s.UnregisterComponentsTimeLimit:1.0]]
[2020.03.28-17.34.01:759][  0]LogConfig: Setting CVar [[s.LevelStreamingComponentsUnregistrationGranularity:5]]
[2020.03.28-17.34.01:759][  0]LogConfig: Applying CVar settings from Section [/Script/Engine.GarbageCollectionSettings] File [C:/Users/Brian/Documents/HPU/Fun/MushroomHouse/UnrealProjects/LinzeysJourney/Saved/Config/Windows/Engine.ini]
[2020.03.28-17.34.01:759][  0]LogConfig: Setting CVar [[gc.MaxObjectsNotConsideredByGC:1]]
[2020.03.28-17.34.01:759][  0]LogConfig: Setting CVar [[gc.SizeOfPermanentObjectPool:0]]
[2020.03.28-17.34.01:759][  0]LogConfig: Setting CVar [[gc.FlushStreamingOnGC:0]]
[2020.03.28-17.34.01:759][  0]LogConfig: Setting CVar [[gc.NumRetriesBeforeForcingGC:10]]
[2020.03.28-17.34.01:759][  0]LogConfig: Setting CVar [[gc.AllowParallelGC:1]]
[2020.03.28-17.34.01:759][  0]LogConfig: Setting CVar [[gc.TimeBetweenPurgingPendingKillObjects:61.1]]
[2020.03.28-17.34.01:759][  0]LogConfig: Setting CVar [[gc.MaxObjectsInEditor:16777216]]
[2020.03.28-17.34.01:759][  0]LogConfig: Setting CVar [[gc.IncrementalBeginDestroyEnabled:1]]
[2020.03.28-17.34.01:759][  0]LogConfig: Setting CVar [[gc.CreateGCClusters:1]]
[2020.03.28-17.34.01:759][  0]LogConfig: Setting CVar [[gc.MinGCClusterSize:5]]
[2020.03.28-17.34.01:759][  0]LogConfig: Setting CVar [[gc.ActorClusteringEnabled:0]]
[2020.03.28-17.34.01:759][  0]LogConfig: Setting CVar [[gc.BlueprintClusteringEnabled:0]]
[2020.03.28-17.34.01:759][  0]LogConfig: Setting CVar [[gc.UseDisregardForGCOnDedicatedServers:0]]
[2020.03.28-17.34.01:759][  0]LogConfig: Applying CVar settings from Section [/Script/Engine.NetworkSettings] File [C:/Users/Brian/Documents/HPU/Fun/MushroomHouse/UnrealProjects/LinzeysJourney/Saved/Config/Windows/Engine.ini]
[2020.03.28-17.34.01:759][  0]LogConfig: Applying CVar settings from Section [/Script/UnrealEd.CookerSettings] File [C:/Users/Brian/Documents/HPU/Fun/MushroomHouse/UnrealProjects/LinzeysJourney/Saved/Config/Windows/Engine.ini]
[2020.03.28-17.34.01:763][  0]LogConfig: Applying CVar settings from Section [ViewDistanceQuality@3] File [C:/Users/Brian/Documents/HPU/Fun/MushroomHouse/UnrealProjects/LinzeysJourney/Saved/Config/Windows/Scalability.ini]
[2020.03.28-17.34.01:763][  0]LogConfig: Setting CVar [[r.SkeletalMeshLODBias:0]]
[2020.03.28-17.34.01:763][  0]LogConfig: Setting CVar [[r.ViewDistanceScale:1.0]]
[2020.03.28-17.34.01:764][  0]LogConfig: Applying CVar settings from Section [AntiAliasingQuality@3] File [C:/Users/Brian/Documents/HPU/Fun/MushroomHouse/UnrealProjects/LinzeysJourney/Saved/Config/Windows/Scalability.ini]
[2020.03.28-17.34.01:764][  0]LogConfig: Setting CVar [[r.PostProcessAAQuality:4]]
[2020.03.28-17.34.01:764][  0]LogConfig: Applying CVar settings from Section [ShadowQuality@3] File [C:/Users/Brian/Documents/HPU/Fun/MushroomHouse/UnrealProjects/LinzeysJourney/Saved/Config/Windows/Scalability.ini]
[2020.03.28-17.34.01:764][  0]LogConfig: Setting CVar [[r.LightFunctionQuality:1]]
[2020.03.28-17.34.01:764][  0]LogConfig: Setting CVar [[r.ShadowQuality:5]]
[2020.03.28-17.34.01:764][  0]LogConfig: Setting CVar [[r.Shadow.CSM.MaxCascades:10]]
[2020.03.28-17.34.01:764][  0]LogConfig: Setting CVar [[r.Shadow.MaxResolution:2048]]
[2020.03.28-17.34.01:764][  0]LogConfig: Setting CVar [[r.Shadow.MaxCSMResolution:2048]]
[2020.03.28-17.34.01:764][  0]LogConfig: Setting CVar [[r.Shadow.RadiusThreshold:0.01]]
[2020.03.28-17.34.01:764][  0]LogConfig: Setting CVar [[r.Shadow.DistanceScale:1.0]]
[2020.03.28-17.34.01:764][  0]LogConfig: Setting CVar [[r.Shadow.CSM.TransitionScale:1.0]]
[2020.03.28-17.34.01:764][  0]LogConfig: Setting CVar [[r.Shadow.PreShadowResolutionFactor:1.0]]
[2020.03.28-17.34.01:764][  0]LogConfig: Setting CVar [[r.DistanceFieldShadowing:1]]
[2020.03.28-17.34.01:764][  0]LogConfig: Setting CVar [[r.DistanceFieldAO:1]]
[2020.03.28-17.34.01:764][  0]LogConfig: Setting CVar [[r.AOQuality:2]]
[2020.03.28-17.34.01:764][  0]LogConfig: Setting CVar [[r.VolumetricFog:1]]
[2020.03.28-17.34.01:764][  0]LogConfig: Setting CVar [[r.VolumetricFog.GridPixelSize:8]]
[2020.03.28-17.34.01:764][  0]LogConfig: Setting CVar [[r.VolumetricFog.GridSizeZ:128]]
[2020.03.28-17.34.01:764][  0]LogConfig: Setting CVar [[r.VolumetricFog.HistoryMissSupersampleCount:4]]
[2020.03.28-17.34.01:764][  0]LogConfig: Setting CVar [[r.LightMaxDrawDistanceScale:1]]
[2020.03.28-17.34.01:764][  0]LogConfig: Setting CVar [[r.CapsuleShadows:1]]
[2020.03.28-17.34.01:764][  0]LogConfig: Applying CVar settings from Section [PostProcessQuality@3] File [C:/Users/Brian/Documents/HPU/Fun/MushroomHouse/UnrealProjects/LinzeysJourney/Saved/Config/Windows/Scalability.ini]
[2020.03.28-17.34.01:764][  0]LogConfig: Setting CVar [[r.MotionBlurQuality:4]]
[2020.03.28-17.34.01:764][  0]LogConfig: Setting CVar [[r.AmbientOcclusionMipLevelFactor:0.4]]
[2020.03.28-17.34.01:764][  0]LogConfig: Setting CVar [[r.AmbientOcclusionMaxQuality:100]]
[2020.03.28-17.34.01:764][  0]LogConfig: Setting CVar [[r.AmbientOcclusionLevels:-1]]
[2020.03.28-17.34.01:764][  0]LogConfig: Setting CVar [[r.AmbientOcclusionRadiusScale:1.0]]
[2020.03.28-17.34.01:764][  0]LogConfig: Setting CVar [[r.DepthOfFieldQuality:2]]
[2020.03.28-17.34.01:764][  0]LogConfig: Setting CVar [[r.RenderTargetPoolMin:400]]
[2020.03.28-17.34.01:764][  0]LogConfig: Setting CVar [[r.LensFlareQuality:2]]
[2020.03.28-17.34.01:764][  0]LogConfig: Setting CVar [[r.SceneColorFringeQuality:1]]
[2020.03.28-17.34.01:764][  0]LogConfig: Setting CVar [[r.EyeAdaptationQuality:2]]
[2020.03.28-17.34.01:764][  0]LogConfig: Setting CVar [[r.BloomQuality:5]]
[2020.03.28-17.34.01:764][  0]LogConfig: Setting CVar [[r.FastBlurThreshold:100]]
[2020.03.28-17.34.01:764][  0]LogConfig: Setting CVar [[r.Upscale.Quality:3]]
[2020.03.28-17.34.01:764][  0]LogConfig: Setting CVar [[r.Tonemapper.GrainQuantization:1]]
[2020.03.28-17.34.01:764][  0]LogConfig: Setting CVar [[r.LightShaftQuality:1]]
[2020.03.28-17.34.01:764][  0]LogConfig: Setting CVar [[r.Filter.SizeScale:1]]
[2020.03.28-17.34.01:764][  0]LogConfig: Setting CVar [[r.Tonemapper.Quality:5]]
[2020.03.28-17.34.01:764][  0]LogConfig: Setting CVar [[r.DOF.Gather.AccumulatorQuality:1        ; higher gathering accumulator quality]]
[2020.03.28-17.34.01:764][  0]LogConfig: Setting CVar [[r.DOF.Gather.PostfilterMethod:1          ; Median3x3 postfilering method]]
[2020.03.28-17.34.01:764][  0]LogConfig: Setting CVar [[r.DOF.Gather.EnableBokehSettings:0       ; no bokeh simulation when gathering]]
[2020.03.28-17.34.01:764][  0]LogConfig: Setting CVar [[r.DOF.Gather.RingCount:4                 ; medium number of samples when gathering]]
[2020.03.28-17.34.01:764][  0]LogConfig: Setting CVar [[r.DOF.Scatter.ForegroundCompositing:1    ; additive foreground scattering]]
[2020.03.28-17.34.01:764][  0]LogConfig: Setting CVar [[r.DOF.Scatter.BackgroundCompositing:2    ; additive background scattering]]
[2020.03.28-17.34.01:764][  0]LogConfig: Setting CVar [[r.DOF.Scatter.EnableBokehSettings:1      ; bokeh simulation when scattering]]
[2020.03.28-17.34.01:764][  0]LogConfig: Setting CVar [[r.DOF.Scatter.MaxSpriteRatio:0.1         ; only a maximum of 10% of scattered bokeh]]
[2020.03.28-17.34.01:764][  0]LogConfig: Setting CVar [[r.DOF.Recombine.Quality:1                ; cheap slight out of focus]]
[2020.03.28-17.34.01:764][  0]LogConfig: Setting CVar [[r.DOF.Recombine.EnableBokehSettings:0    ; no bokeh simulation on slight out of focus]]
[2020.03.28-17.34.01:764][  0]LogConfig: Setting CVar [[r.DOF.TemporalAAQuality:1                ; more stable temporal accumulation]]
[2020.03.28-17.34.01:764][  0]LogConfig: Setting CVar [[r.DOF.Kernel.MaxForegroundRadius:0.025]]
[2020.03.28-17.34.01:764][  0]LogConfig: Setting CVar [[r.DOF.Kernel.MaxBackgroundRadius:0.025]]
[2020.03.28-17.34.01:764][  0]LogConfig: Applying CVar settings from Section [TextureQuality@3] File [C:/Users/Brian/Documents/HPU/Fun/MushroomHouse/UnrealProjects/LinzeysJourney/Saved/Config/Windows/Scalability.ini]
[2020.03.28-17.34.01:764][  0]LogConfig: Setting CVar [[r.Streaming.MipBias:0]]
[2020.03.28-17.34.01:764][  0]LogConfig: Setting CVar [[r.Streaming.AmortizeCPUToGPUCopy:0]]
[2020.03.28-17.34.01:764][  0]LogConfig: Setting CVar [[r.Streaming.MaxNumTexturesToStreamPerFrame:0]]
[2020.03.28-17.34.01:764][  0]LogConfig: Setting CVar [[r.Streaming.Boost:1]]
[2020.03.28-17.34.01:764][  0]LogConfig: Setting CVar [[r.MaxAnisotropy:8]]
[2020.03.28-17.34.01:764][  0]LogConfig: Setting CVar [[r.Streaming.LimitPoolSizeToVRAM:0]]
[2020.03.28-17.34.01:764][  0]LogConfig: Setting CVar [[r.Streaming.PoolSize:1000]]
[2020.03.28-17.34.01:764][  0]LogConfig: Setting CVar [[r.Streaming.MaxEffectiveScreenSize:0]]
[2020.03.28-17.34.01:764][  0]LogConfig: Applying CVar settings from Section [EffectsQuality@3] File [C:/Users/Brian/Documents/HPU/Fun/MushroomHouse/UnrealProjects/LinzeysJourney/Saved/Config/Windows/Scalability.ini]
[2020.03.28-17.34.01:764][  0]LogConfig: Setting CVar [[r.TranslucencyLightingVolumeDim:64]]
[2020.03.28-17.34.01:764][  0]LogConfig: Setting CVar [[r.RefractionQuality:2]]
[2020.03.28-17.34.01:764][  0]LogConfig: Setting CVar [[r.SSR.Quality:3]]
[2020.03.28-17.34.01:765][  0]LogConfig: Setting CVar [[r.SceneColorFormat:4]]
[2020.03.28-17.34.01:765][  0]LogConfig: Setting CVar [[r.DetailMode:2]]
[2020.03.28-17.34.01:765][  0]LogConfig: Setting CVar [[r.TranslucencyVolumeBlur:1]]
[2020.03.28-17.34.01:765][  0]LogConfig: Setting CVar [[r.MaterialQualityLevel:1 ; High quality]]
[2020.03.28-17.34.01:765][  0]LogConfig: Setting CVar [[r.SSS.Scale:1]]
[2020.03.28-17.34.01:765][  0]LogConfig: Setting CVar [[r.SSS.SampleSet:2]]
[2020.03.28-17.34.01:765][  0]LogConfig: Setting CVar [[r.SSS.Quality:1]]
[2020.03.28-17.34.01:765][  0]LogConfig: Setting CVar [[r.SSS.HalfRes:1]]
[2020.03.28-17.34.01:765][  0]LogConfig: Setting CVar [[r.EmitterSpawnRateScale:1.0]]
[2020.03.28-17.34.01:765][  0]LogConfig: Setting CVar [[r.ParticleLightQuality:2]]
[2020.03.28-17.34.01:765][  0]LogConfig: Applying CVar settings from Section [FoliageQuality@3] File [C:/Users/Brian/Documents/HPU/Fun/MushroomHouse/UnrealProjects/LinzeysJourney/Saved/Config/Windows/Scalability.ini]
[2020.03.28-17.34.01:765][  0]LogConfig: Setting CVar [[foliage.DensityScale:1.0]]
[2020.03.28-17.34.01:765][  0]LogConfig: Setting CVar [[grass.DensityScale:1.0]]
[2020.03.28-17.34.01:765][  0]LogInit: Selected Device Profile: [Windows]
[2020.03.28-17.34.01:765][  0]LogInit: Applying CVar settings loaded from the selected device profile: [Windows]
[2020.03.28-17.34.02:111][  0]LogHAL: Display: Platform has ~ 8 GB [8522104832 / 8589934592 / 8], which maps to Default [LargestMinGB=32, LargerMinGB=12, DefaultMinGB=8, SmallerMinGB=6, SmallestMinGB=0)
[2020.03.28-17.34.02:111][  0]LogInit: Going up to parent DeviceProfile []
[2020.03.28-17.34.02:111][  0]LogConfig: Applying CVar settings from Section [ViewDistanceQuality@2] File [C:/Users/Brian/Documents/HPU/Fun/MushroomHouse/UnrealProjects/LinzeysJourney/Saved/Config/Windows/Scalability.ini]
[2020.03.28-17.34.02:111][  0]LogConfig: Setting CVar [[r.SkeletalMeshLODBias:0]]
[2020.03.28-17.34.02:111][  0]LogConfig: Setting CVar [[r.ViewDistanceScale:0.8]]
[2020.03.28-17.34.02:111][  0]LogConfig: Applying CVar settings from Section [AntiAliasingQuality@2] File [C:/Users/Brian/Documents/HPU/Fun/MushroomHouse/UnrealProjects/LinzeysJourney/Saved/Config/Windows/Scalability.ini]
[2020.03.28-17.34.02:111][  0]LogConfig: Setting CVar [[r.PostProcessAAQuality:3]]
[2020.03.28-17.34.02:111][  0]LogConfig: Applying CVar settings from Section [ShadowQuality@2] File [C:/Users/Brian/Documents/HPU/Fun/MushroomHouse/UnrealProjects/LinzeysJourney/Saved/Config/Windows/Scalability.ini]
[2020.03.28-17.34.02:111][  0]LogConfig: Setting CVar [[r.LightFunctionQuality:1]]
[2020.03.28-17.34.02:111][  0]LogConfig: Setting CVar [[r.ShadowQuality:5]]
[2020.03.28-17.34.02:111][  0]LogConfig: Setting CVar [[r.Shadow.CSM.MaxCascades:4]]
[2020.03.28-17.34.02:111][  0]LogConfig: Setting CVar [[r.Shadow.MaxResolution:1024]]
[2020.03.28-17.34.02:111][  0]LogConfig: Setting CVar [[r.Shadow.MaxCSMResolution:2048]]
[2020.03.28-17.34.02:111][  0]LogConfig: Setting CVar [[r.Shadow.RadiusThreshold:0.04]]
[2020.03.28-17.34.02:111][  0]LogConfig: Setting CVar [[r.Shadow.DistanceScale:0.85]]
[2020.03.28-17.34.02:111][  0]LogConfig: Setting CVar [[r.Shadow.CSM.TransitionScale:0.8]]
[2020.03.28-17.34.02:111][  0]LogConfig: Setting CVar [[r.Shadow.PreShadowResolutionFactor:0.5]]
[2020.03.28-17.34.02:111][  0]LogConfig: Setting CVar [[r.DistanceFieldShadowing:1]]
[2020.03.28-17.34.02:111][  0]LogConfig: Setting CVar [[r.DistanceFieldAO:1]]
[2020.03.28-17.34.02:111][  0]LogConfig: Setting CVar [[r.AOQuality:1]]
[2020.03.28-17.34.02:111][  0]LogConfig: Setting CVar [[r.VolumetricFog:1]]
[2020.03.28-17.34.02:111][  0]LogConfig: Setting CVar [[r.VolumetricFog.GridPixelSize:16]]
[2020.03.28-17.34.02:111][  0]LogConfig: Setting CVar [[r.VolumetricFog.GridSizeZ:64]]
[2020.03.28-17.34.02:111][  0]LogConfig: Setting CVar [[r.VolumetricFog.HistoryMissSupersampleCount:4]]
[2020.03.28-17.34.02:112][  0]LogConfig: Setting CVar [[r.LightMaxDrawDistanceScale:1]]
[2020.03.28-17.34.02:112][  0]LogConfig: Setting CVar [[r.CapsuleShadows:1]]
[2020.03.28-17.34.02:112][  0]LogConfig: Applying CVar settings from Section [PostProcessQuality@2] File [C:/Users/Brian/Documents/HPU/Fun/MushroomHouse/UnrealProjects/LinzeysJourney/Saved/Config/Windows/Scalability.ini]
[2020.03.28-17.34.02:112][  0]LogConfig: Setting CVar [[r.MotionBlurQuality:3]]
[2020.03.28-17.34.02:112][  0]LogConfig: Setting CVar [[r.AmbientOcclusionMipLevelFactor:0.6]]
[2020.03.28-17.34.02:112][  0]LogConfig: Setting CVar [[r.AmbientOcclusionMaxQuality:100]]
[2020.03.28-17.34.02:112][  0]LogConfig: Setting CVar [[r.AmbientOcclusionLevels:-1]]
[2020.03.28-17.34.02:112][  0]LogConfig: Setting CVar [[r.AmbientOcclusionRadiusScale:1.5]]
[2020.03.28-17.34.02:112][  0]LogConfig: Setting CVar [[r.DepthOfFieldQuality:2]]
[2020.03.28-17.34.02:112][  0]LogConfig: Setting CVar [[r.RenderTargetPoolMin:400]]
[2020.03.28-17.34.02:112][  0]LogConfig: Setting CVar [[r.LensFlareQuality:2]]
[2020.03.28-17.34.02:112][  0]LogConfig: Setting CVar [[r.SceneColorFringeQuality:1]]
[2020.03.28-17.34.02:112][  0]LogConfig: Setting CVar [[r.EyeAdaptationQuality:2]]
[2020.03.28-17.34.02:112][  0]LogConfig: Setting CVar [[r.BloomQuality:5]]
[2020.03.28-17.34.02:112][  0]LogConfig: Setting CVar [[r.FastBlurThreshold:3]]
[2020.03.28-17.34.02:112][  0]LogConfig: Setting CVar [[r.Upscale.Quality:2]]
[2020.03.28-17.34.02:112][  0]LogConfig: Setting CVar [[r.Tonemapper.GrainQuantization:1]]
[2020.03.28-17.34.02:112][  0]LogConfig: Setting CVar [[r.LightShaftQuality:1]]
[2020.03.28-17.34.02:112][  0]LogConfig: Setting CVar [[r.Filter.SizeScale:0.8]]
[2020.03.28-17.34.02:112][  0]LogConfig: Setting CVar [[r.Tonemapper.Quality:5]]
[2020.03.28-17.34.02:112][  0]LogConfig: Setting CVar [[r.DOF.Gather.AccumulatorQuality:0        ; lower gathering accumulator quality]]
[2020.03.28-17.34.02:112][  0]LogConfig: Setting CVar [[r.DOF.Gather.PostfilterMethod:2          ; Max3x3 postfilering method]]
[2020.03.28-17.34.02:112][  0]LogConfig: Setting CVar [[r.DOF.Gather.EnableBokehSettings:0       ; no bokeh simulation when gathering]]
[2020.03.28-17.34.02:112][  0]LogConfig: Setting CVar [[r.DOF.Gather.RingCount:4                 ; medium number of samples when gathering]]
[2020.03.28-17.34.02:112][  0]LogConfig: Setting CVar [[r.DOF.Scatter.ForegroundCompositing:1    ; additive foreground scattering]]
[2020.03.28-17.34.02:112][  0]LogConfig: Setting CVar [[r.DOF.Scatter.BackgroundCompositing:1    ; no background occlusion]]
[2020.03.28-17.34.02:112][  0]LogConfig: Setting CVar [[r.DOF.Scatter.EnableBokehSettings:0      ; no bokeh simulation when scattering]]
[2020.03.28-17.34.02:112][  0]LogConfig: Setting CVar [[r.DOF.Scatter.MaxSpriteRatio:0.04        ; only a maximum of 4% of scattered bokeh]]
[2020.03.28-17.34.02:112][  0]LogConfig: Setting CVar [[r.DOF.Recombine.Quality:0                ; no slight out of focus]]
[2020.03.28-17.34.02:112][  0]LogConfig: Setting CVar [[r.DOF.TemporalAAQuality:0                ; faster temporal accumulation]]
[2020.03.28-17.34.02:112][  0]LogConfig: Setting CVar [[r.DOF.Kernel.MaxForegroundRadius:0.012   ; required because of AccumulatorQuality=0]]
[2020.03.28-17.34.02:112][  0]LogConfig: Setting CVar [[r.DOF.Kernel.MaxBackgroundRadius:0.012   ; required because of AccumulatorQuality=0]]
[2020.03.28-17.34.02:112][  0]LogConfig: Applying CVar settings from Section [TextureQuality@2] File [C:/Users/Brian/Documents/HPU/Fun/MushroomHouse/UnrealProjects/LinzeysJourney/Saved/Config/Windows/Scalability.ini]
[2020.03.28-17.34.02:112][  0]LogConfig: Setting CVar [[r.Streaming.MipBias:0]]
[2020.03.28-17.34.02:112][  0]LogConfig: Setting CVar [[r.Streaming.AmortizeCPUToGPUCopy:0]]
[2020.03.28-17.34.02:112][  0]LogConfig: Setting CVar [[r.Streaming.MaxNumTexturesToStreamPerFrame:0]]
[2020.03.28-17.34.02:112][  0]LogConfig: Setting CVar [[r.Streaming.Boost:1]]
[2020.03.28-17.34.02:112][  0]LogConfig: Setting CVar [[r.MaxAnisotropy:4]]
[2020.03.28-17.34.02:112][  0]LogConfig: Setting CVar [[r.Streaming.LimitPoolSizeToVRAM:1]]
[2020.03.28-17.34.02:112][  0]LogConfig: Setting CVar [[r.Streaming.PoolSize:800]]
[2020.03.28-17.34.02:112][  0]LogConfig: Setting CVar [[r.Streaming.MaxEffectiveScreenSize:0]]
[2020.03.28-17.34.02:112][  0]LogConfig: Applying CVar settings from Section [EffectsQuality@2] File [C:/Users/Brian/Documents/HPU/Fun/MushroomHouse/UnrealProjects/LinzeysJourney/Saved/Config/Windows/Scalability.ini]
[2020.03.28-17.34.02:112][  0]LogConfig: Setting CVar [[r.TranslucencyLightingVolumeDim:48]]
[2020.03.28-17.34.02:112][  0]LogConfig: Setting CVar [[r.RefractionQuality:2]]
[2020.03.28-17.34.02:112][  0]LogConfig: Setting CVar [[r.SSR.Quality:2]]
[2020.03.28-17.34.02:112][  0]LogConfig: Setting CVar [[r.SceneColorFormat:3]]
[2020.03.28-17.34.02:112][  0]LogConfig: Setting CVar [[r.DetailMode:1]]
[2020.03.28-17.34.02:112][  0]LogConfig: Setting CVar [[r.TranslucencyVolumeBlur:1]]
[2020.03.28-17.34.02:112][  0]LogConfig: Setting CVar [[r.MaterialQualityLevel:1 ; High quality]]
[2020.03.28-17.34.02:112][  0]LogConfig: Setting CVar [[r.SSS.Scale:1]]
[2020.03.28-17.34.02:112][  0]LogConfig: Setting CVar [[r.SSS.SampleSet:1]]
[2020.03.28-17.34.02:112][  0]LogConfig: Setting CVar [[r.SSS.Quality:-1]]
[2020.03.28-17.34.02:112][  0]LogConfig: Setting CVar [[r.SSS.HalfRes:1]]
[2020.03.28-17.34.02:112][  0]LogConfig: Setting CVar [[r.EmitterSpawnRateScale:0.5]]
[2020.03.28-17.34.02:112][  0]LogConfig: Setting CVar [[r.ParticleLightQuality:1]]
[2020.03.28-17.34.02:112][  0]LogConfig: Applying CVar settings from Section [FoliageQuality@2] File [C:/Users/Brian/Documents/HPU/Fun/MushroomHouse/UnrealProjects/LinzeysJourney/Saved/Config/Windows/Scalability.ini]
[2020.03.28-17.34.02:112][  0]LogConfig: Setting CVar [[foliage.DensityScale:0.8]]
[2020.03.28-17.34.02:112][  0]LogConfig: Setting CVar [[grass.DensityScale:0.8]]
[2020.03.28-17.34.02:112][  0]LogConfig: Applying CVar settings from Section [Startup] File [../../../Engine/Config/ConsoleVariables.ini]
[2020.03.28-17.34.02:215][  0]LogConfig: Setting CVar [[net.UseAdaptiveNetUpdateFrequency:0]]
[2020.03.28-17.34.02:215][  0]LogConfig: Setting CVar [[p.chaos.AllowCreatePhysxBodies:1]]
[2020.03.28-17.34.02:215][  0]LogConfig: Applying CVar settings from Section [ConsoleVariables] File [C:/Users/Brian/Documents/HPU/Fun/MushroomHouse/UnrealProjects/LinzeysJourney/Saved/Config/Windows/Engine.ini]
[2020.03.28-17.34.02:215][  0]LogInit: Computer: AVATAR
[2020.03.28-17.34.02:215][  0]LogInit: User: Brian
[2020.03.28-17.34.02:215][  0]LogInit: CPU Page size=4096, Cores=4
[2020.03.28-17.34.02:215][  0]LogInit: High frequency timer resolution =10.000000 MHz
[2020.03.28-17.34.02:215][  0]LogMemory: Memory total: Physical=7.9GB (8GB approx)
[2020.03.28-17.34.02:215][  0]LogMemory: Platform Memory Stats for Windows
[2020.03.28-17.34.02:215][  0]LogMemory: Process Physical Memory: 100.23 MB used, 100.23 MB peak
[2020.03.28-17.34.02:215][  0]LogMemory: Process Virtual Memory: 88.27 MB used, 88.27 MB peak
[2020.03.28-17.34.02:215][  0]LogMemory: Physical Memory: 6304.57 MB used,  1822.74 MB free, 8127.31 MB total
[2020.03.28-17.34.02:215][  0]LogMemory: Virtual Memory: 4644.59 MB used,  134213080.00 MB free, 134217728.00 MB total
[2020.03.28-17.34.02:423][  0]LogWindows: WindowsPlatformFeatures enabled
[2020.03.28-17.34.04:015][  0]LogInit: Using OS detected language (en-US).
[2020.03.28-17.34.04:015][  0]LogInit: Using OS detected locale (en-US).
[2020.03.28-17.34.04:018][  0]LogTextLocalizationManager: No specific localization for 'en-US' exists, so the 'en' localization will be used.
[2020.03.28-17.34.04:571][  0]LogInit: Setting process to per monitor DPI aware
[2020.03.28-17.34.04:683][  0]LogSlate: New Slate User Created.  User Index 0, Is Virtual User: 0
[2020.03.28-17.34.04:683][  0]LogSlate: Slate User Registered.  User Index 0, Is Virtual User: 0
[2020.03.28-17.34.16:171][  0]LogHMD: Failed to initialize OpenVR with code 105
[2020.03.28-17.34.16:171][  0]LogD3D11RHI: D3D11 adapters:
[2020.03.28-17.34.16:256][  0]LogD3D11RHI:    0. 'NVIDIA GeForce GTX 760' (Feature Level 11_0)
[2020.03.28-17.34.16:256][  0]LogD3D11RHI:       2007/0/4063 MB DedicatedVideo/DedicatedSystem/SharedSystem, Outputs:1, VendorId:0x10de
[2020.03.28-17.34.16:261][  0]LogD3D11RHI:    1. 'Microsoft Basic Render Driver' (Feature Level 11_0)
[2020.03.28-17.34.16:261][  0]LogD3D11RHI:       0/0/4063 MB DedicatedVideo/DedicatedSystem/SharedSystem, Outputs:0, VendorId:0x1414
[2020.03.28-17.34.16:261][  0]LogD3D11RHI: Chosen D3D11 Adapter: 0
[2020.03.28-17.34.16:269][  0]LogD3D11RHI: Creating new Direct3DDevice
[2020.03.28-17.34.16:269][  0]LogD3D11RHI:     GPU DeviceId: 0x1187 (for the marketing name, search the web for "GPU Device Id")
[2020.03.28-17.34.16:269][  0]LogWindows: EnumDisplayDevices:
[2020.03.28-17.34.16:269][  0]LogWindows:    0. 'NVIDIA GeForce GTX 760' (P:1 D:1)
[2020.03.28-17.34.16:270][  0]LogWindows:    1. 'NVIDIA GeForce GTX 760' (P:0 D:0)
[2020.03.28-17.34.16:271][  0]LogWindows:    2. 'NVIDIA GeForce GTX 760' (P:0 D:0)
[2020.03.28-17.34.16:271][  0]LogWindows:    3. 'NVIDIA GeForce GTX 760' (P:0 D:0)
[2020.03.28-17.34.16:272][  0]LogWindows: DebugString: FoundDriverCount:4 
[2020.03.28-17.34.16:272][  0]LogD3D11RHI:     Adapter Name: NVIDIA GeForce GTX 760
[2020.03.28-17.34.16:272][  0]LogD3D11RHI:   Driver Version: 432.00 (internal:26.21.14.3200, unified:432.00)
[2020.03.28-17.34.16:272][  0]LogD3D11RHI:      Driver Date: 7-24-2019
[2020.03.28-17.34.16:272][  0]LogRHI: Texture pool is 1404 MB (70% of 2007 MB)
[2020.03.28-17.34.16:322][  0]LogD3D11RHI: Async texture creation enabled
[2020.03.28-17.34.16:400][  0]LogD3D11RHI: GPU Timing Frequency: 1000.000000 (Debug: 2 1)
[2020.03.28-17.34.17:814][  0]LogTemp: Display: Module 'AllDesktopTargetPlatform' loaded TargetPlatform 'AllDesktop'
[2020.03.28-17.34.17:829][  0]LogTemp: Display: Module 'MacClientTargetPlatform' loaded TargetPlatform 'MacClient'
[2020.03.28-17.34.17:844][  0]LogTemp: Display: Module 'MacNoEditorTargetPlatform' loaded TargetPlatform 'MacNoEditor'
[2020.03.28-17.34.17:859][  0]LogTemp: Display: Module 'MacServerTargetPlatform' loaded TargetPlatform 'MacServer'
[2020.03.28-17.34.17:874][  0]LogTemp: Display: Module 'MacTargetPlatform' loaded TargetPlatform 'Mac'
[2020.03.28-17.34.17:889][  0]LogTemp: Display: Module 'WindowsClientTargetPlatform' loaded TargetPlatform 'WindowsClient'
[2020.03.28-17.34.17:904][  0]LogTemp: Display: Module 'WindowsNoEditorTargetPlatform' loaded TargetPlatform 'WindowsNoEditor'
[2020.03.28-17.34.17:919][  0]LogTemp: Display: Module 'WindowsServerTargetPlatform' loaded TargetPlatform 'WindowsServer'
[2020.03.28-17.34.17:928][  0]LogTemp: Display: Module 'WindowsTargetPlatform' loaded TargetPlatform 'Windows'
[2020.03.28-17.34.17:968][  0]LogTemp: Display: Module 'AndroidTargetPlatform' loaded TargetPlatform 'Android'
[2020.03.28-17.34.17:968][  0]LogTemp: Display: Module 'AndroidTargetPlatform' loaded TargetPlatform 'Android_ASTC'
[2020.03.28-17.34.17:968][  0]LogTemp: Display: Module 'AndroidTargetPlatform' loaded TargetPlatform 'Android_ATC'
[2020.03.28-17.34.17:968][  0]LogTemp: Display: Module 'AndroidTargetPlatform' loaded TargetPlatform 'Android_DXT'
[2020.03.28-17.34.17:968][  0]LogTemp: Display: Module 'AndroidTargetPlatform' loaded TargetPlatform 'Android_ETC1'
[2020.03.28-17.34.17:968][  0]LogTemp: Display: Module 'AndroidTargetPlatform' loaded TargetPlatform 'Android_ETC1a'
[2020.03.28-17.34.17:968][  0]LogTemp: Display: Module 'AndroidTargetPlatform' loaded TargetPlatform 'Android_ETC2'
[2020.03.28-17.34.17:968][  0]LogTemp: Display: Module 'AndroidTargetPlatform' loaded TargetPlatform 'Android_PVRTC'
[2020.03.28-17.34.17:968][  0]LogTemp: Display: Module 'AndroidTargetPlatform' loaded TargetPlatform 'AndroidClient'
[2020.03.28-17.34.17:968][  0]LogTemp: Display: Module 'AndroidTargetPlatform' loaded TargetPlatform 'Android_ASTCClient'
[2020.03.28-17.34.17:968][  0]LogTemp: Display: Module 'AndroidTargetPlatform' loaded TargetPlatform 'Android_ATCClient'
[2020.03.28-17.34.17:968][  0]LogTemp: Display: Module 'AndroidTargetPlatform' loaded TargetPlatform 'Android_DXTClient'
[2020.03.28-17.34.17:968][  0]LogTemp: Display: Module 'AndroidTargetPlatform' loaded TargetPlatform 'Android_ETC1Client'
[2020.03.28-17.34.17:968][  0]LogTemp: Display: Module 'AndroidTargetPlatform' loaded TargetPlatform 'Android_ETC1aClient'
[2020.03.28-17.34.17:968][  0]LogTemp: Display: Module 'AndroidTargetPlatform' loaded TargetPlatform 'Android_ETC2Client'
[2020.03.28-17.34.17:968][  0]LogTemp: Display: Module 'AndroidTargetPlatform' loaded TargetPlatform 'Android_PVRTCClient'
[2020.03.28-17.34.17:968][  0]LogTemp: Display: Module 'AndroidTargetPlatform' loaded TargetPlatform 'Android_Multi'
[2020.03.28-17.34.17:968][  0]LogTemp: Display: Module 'AndroidTargetPlatform' loaded TargetPlatform 'Android_MultiClient'
[2020.03.28-17.34.17:972][  0]LogTemp: Display: Module 'HTML5TargetPlatform' loaded TargetPlatform 'HTML5'
[2020.03.28-17.34.17:998][  0]LogTemp: Display: Module 'IOSTargetPlatform' loaded TargetPlatform 'IOSClient'
[2020.03.28-17.34.17:998][  0]LogTemp: Display: Module 'IOSTargetPlatform' loaded TargetPlatform 'IOS'
[2020.03.28-17.34.18:018][  0]LogTemp: Display: Module 'TVOSTargetPlatform' loaded TargetPlatform 'TVOSClient'
[2020.03.28-17.34.18:018][  0]LogTemp: Display: Module 'TVOSTargetPlatform' loaded TargetPlatform 'TVOS'
[2020.03.28-17.34.18:028][  0]LogTemp: Display: Module 'LinuxClientTargetPlatform' loaded TargetPlatform 'LinuxClient'
[2020.03.28-17.34.18:037][  0]LogTemp: Display: Module 'LinuxNoEditorTargetPlatform' loaded TargetPlatform 'LinuxNoEditor'
[2020.03.28-17.34.18:048][  0]LogTemp: Display: Module 'LinuxServerTargetPlatform' loaded TargetPlatform 'LinuxServer'
[2020.03.28-17.34.18:059][  0]LogTemp: Display: Module 'LinuxTargetPlatform' loaded TargetPlatform 'Linux'
[2020.03.28-17.34.18:093][  0]LogTemp: Display: Module 'LuminTargetPlatform' loaded TargetPlatform 'Lumin'
[2020.03.28-17.34.18:093][  0]LogTemp: Display: Module 'LuminTargetPlatform' loaded TargetPlatform 'LuminClient'
[2020.03.28-17.34.18:093][  0]LogTargetPlatformManager: Display: Building Assets For Windows
[2020.03.28-17.34.18:113][  0]LogAudioDebug: Display: Lib vorbis DLL was dynamically loaded.
[2020.03.28-17.34.18:233][  0]LogShaderCompilers: Guid format shader working directory is -45 characters bigger than the processId version (../../../../../../Users/Brian/Documents/HPU/Fun/MushroomHouse/UnrealProjects/LinzeysJourney/Intermediate/Shaders/WorkingDirectory/3192/).
[2020.03.28-17.34.18:233][  0]LogShaderCompilers: Cleaned the shader compiler working directory 'C:/Users/Brian/AppData/Local/Temp/UnrealShaderWorkingDir/0ED0217A414A7252257FF9AC2ED653A6/'.
[2020.03.28-17.34.18:240][  0]LogXGEController: Cannot use XGE Controller as Incredibuild is not installed on this machine.
[2020.03.28-17.34.18:240][  0]LogShaderCompilers: Cannot use XGE Shader Compiler as Incredibuild is not installed on this machine.
[2020.03.28-17.34.18:240][  0]LogShaderCompilers: Display: Using Local Shader Compiler.
[2020.03.28-17.34.18:947][  0]LogDerivedDataCache: Display: Max Cache Size: 512 MB
[2020.03.28-17.34.19:018][  0]LogDerivedDataCache: Loaded boot cache 0.07s 74MB C:/Users/Brian/AppData/Local/UnrealEngine/4.23/DerivedDataCache/Boot.ddc.
[2020.03.28-17.34.19:018][  0]LogDerivedDataCache: Display: Loaded Boot cache: C:/Users/Brian/AppData/Local/UnrealEngine/4.23/DerivedDataCache/Boot.ddc
[2020.03.28-17.34.19:018][  0]LogDerivedDataCache: FDerivedDataBackendGraph:  Pak pak cache file ../../../../../../Users/Brian/Documents/HPU/Fun/MushroomHouse/UnrealProjects/LinzeysJourney/DerivedDataCache/DDC.ddp not found, will not use a pak cache.
[2020.03.28-17.34.19:018][  0]LogDerivedDataCache: Unable to find inner node Pak for hierarchical cache Hierarchy.
[2020.03.28-17.34.19:018][  0]LogDerivedDataCache: FDerivedDataBackendGraph:  CompressedPak pak cache file ../../../../../../Users/Brian/Documents/HPU/Fun/MushroomHouse/UnrealProjects/LinzeysJourney/DerivedDataCache/Compressed.ddp not found, will not use a pak cache.
[2020.03.28-17.34.19:018][  0]LogDerivedDataCache: Unable to find inner node CompressedPak for hierarchical cache Hierarchy.
[2020.03.28-17.34.19:030][  0]LogDerivedDataCache: Display: Pak cache opened for reading ../../../Engine/DerivedDataCache/Compressed.ddp.
[2020.03.28-17.34.19:032][  0]LogDerivedDataCache: Display: Pak cache opened for reading ../../../Enterprise/DerivedDataCache/Compressed.ddp.
[2020.03.28-17.34.19:034][  0]LogDerivedDataCache: Using Local data cache path C:/Users/Brian/AppData/Local/UnrealEngine/Common/DerivedDataCache: Writable
[2020.03.28-17.34.19:034][  0]LogDerivedDataCache: Shared data cache path not found in *engine.ini, will not use an Shared cache.
[2020.03.28-17.34.19:034][  0]LogDerivedDataCache: Unable to find inner node Shared for hierarchical cache Hierarchy.
[2020.03.28-17.34.19:057][  0]LogMaterial: Verifying Global Shaders for PCD3D_SM5
[2020.03.28-17.34.19:060][  0]LogSlate: Using FreeType 2.6.0
[2020.03.28-17.34.19:061][  0]LogSlate: SlateFontServices - WITH_FREETYPE: 1, WITH_HARFBUZZ: 1
[2020.03.28-17.34.19:144][  0]LogAssetRegistry: FAssetRegistry took 0.0029 seconds to start up
[2020.03.28-17.34.19:430][  0]LogInit: Selected Device Profile: [Windows]
[2020.03.28-17.34.19:629][  0]LogMeshReduction: Using QuadricMeshReduction for automatic static mesh reduction
[2020.03.28-17.34.19:629][  0]LogMeshReduction: Using SimplygonMeshReduction for automatic skeletal mesh reduction
[2020.03.28-17.34.19:629][  0]LogMeshReduction: Using ProxyLODMeshReduction for automatic mesh merging
[2020.03.28-17.34.19:629][  0]LogMeshReduction: No distributed automatic mesh merging module available
[2020.03.28-17.34.19:629][  0]LogMeshMerging: No distributed automatic mesh merging module available
[2020.03.28-17.34.19:641][  0]LogNetVersion: LinzeysJourney 1.0.0, NetCL: 8386587, EngineNetVer: 11, GameNetVer: 0 (Checksum: 2907837375)
[2020.03.28-17.34.21:307][  0]LogPackageLocalizationCache: Processed 18 localized package path(s) for 1 prioritized culture(s) in 1.214754 seconds
[2020.03.28-17.34.21:315][  0]LogUObjectArray: 43444 objects as part of root set at end of initial load.
[2020.03.28-17.34.21:315][  0]LogUObjectAllocator: 7548648 out of 0 bytes used by permanent object pool.
[2020.03.28-17.34.21:315][  0]LogUObjectArray: CloseDisregardForGC: 0/0 objects in disregard for GC pool
[2020.03.28-17.34.22:607][  0]LogTcpMessaging: Initializing TcpMessaging bridge
[2020.03.28-17.34.23:163][  0]LogUdpMessaging: Initializing bridge on interface 0.0.0.0:0 to multicast group 230.0.0.1:6666.
[2020.03.28-17.34.23:391][  0]SourceControl: Source control is disabled
[2020.03.28-17.34.23:391][  0]SourceControl: Source control is disabled
[2020.03.28-17.34.23:393][  0]SourceControl: Source control is disabled
[2020.03.28-17.34.23:395][  0]SourceControl: Source control is disabled
[2020.03.28-17.34.35:106][  0]LogAndroidPermission: UAndroidPermissionCallbackProxy::GetInstance
[2020.03.28-17.34.35:532][  0]LogOcInput: OculusInput pre-init called
[2020.03.28-17.34.35:547][  0]LogWindows: Failed to load 'OVRPlugin.dll' (GetLastError=126)
[2020.03.28-17.34.35:547][  0]LogWindows: File 'OVRPlugin.dll' does not exist
[2020.03.28-17.38.11:357][  0]LogEngine: Initializing Engine...
[2020.03.28-17.38.11:362][  0]LogHMD: Failed to initialize OpenVR with code 105
[2020.03.28-17.38.11:363][  0]LogStats: UGameplayTagsManager::InitializeManager -  0.000 s
[2020.03.28-17.38.11:672][  0]LogInit: Initializing FReadOnlyCVARCache
[2020.03.28-17.38.11:708][  0]LogAIModule: Creating AISystem for world Untitled
[2020.03.28-17.38.11:763][  0]LogInit: XAudio2 using 'Speakers (Realtek High Definition Audio)' : 2 channels at 48 kHz using 32 bits per sample (channel mask 0x3)
[2020.03.28-17.38.12:196][  0]LogInit: FAudioDevice initialized.
[2020.03.28-17.38.12:196][  0]LogNetVersion: Set ProjectVersion to 1.0.0.0. Version Checksum will be recalculated on next use.
[2020.03.28-17.38.24:102][  0]LogDerivedDataCache: Saved boot cache 11.91s 74MB C:/Users/Brian/AppData/Local/UnrealEngine/4.23/DerivedDataCache/Boot.ddc.
[2020.03.28-17.38.24:114][  0]LogInit: Texture streaming: Enabled
[2020.03.28-17.38.26:327][  0]LogEngineSessionManager: EngineSessionManager initialized
[2020.03.28-17.38.26:327][  0]LogEngineSessionManager: EngineSessionManager sent abnormal shutdown report. Type=Crashed, SessionId={7A70F495-4BD4-D0B3-1E7D-698F5314FC95}
[2020.03.28-17.38.26:327][  0]LogEditorSessionSummary: Verbose: Initializing EditorSessionSummaryWriter for editor session tracking
[2020.03.28-17.38.27:578][  0]LogEditorSessionSummary: EditorSessionSummaryWriter initialized
[2020.03.28-17.38.27:641][  0]LogInit: Transaction tracking system initialized
[2020.03.28-17.38.27:767][  0]BlueprintLog: New page: Editor Load
[2020.03.28-17.38.28:607][  0]LocalizationService: Localization service is disabled
[2020.03.28-17.38.37:143][  0]LogFileCache: Scanning file cache for directory 'C:/Users/Brian/Documents/HPU/Fun/MushroomHouse/UnrealProjects/LinzeysJourney/Content/' took 0.00s
[2020.03.28-17.38.37:143][  0]LogCook: Display: Max memory allowance for cook 16384mb min free memory 0mb
[2020.03.28-17.38.37:143][  0]LogCook: Display: Mobile HDR setting 0
[2020.03.28-17.38.57:195][  0]SourceControl: Source control is disabled
[2020.03.28-17.38.57:196][  0]LightingResults: New page: Lighting Build
[2020.03.28-17.38.57:203][  0]LogWorld: UWorld::CleanupWorld for Untitled, bSessionEnded=true, bCleanupResources=true
[2020.03.28-17.38.57:203][  0]MapCheck: New page: Map Check
[2020.03.28-17.38.57:203][  0]LightingResults: New page: Lighting Build
[2020.03.28-17.38.58:329][  0]LogUObjectHash: Compacting FUObjectHashTables data took   2.24ms
[2020.03.28-17.39.04:853][  0]LogAIModule: Creating AISystem for world 2DSideScrollerExampleMap
[2020.03.28-17.39.07:799][  0]LogEditorServer: Finished looking for orphan Actors (0.000 secs)
[2020.03.28-17.39.08:047][  0]LogUObjectHash: Compacting FUObjectHashTables data took   2.86ms
[2020.03.28-17.39.08:047][  0]Cmd: MAP CHECKDEP NOCLEARLOG
[2020.03.28-17.39.08:047][  0]MapCheck: Map check complete: 0 Error(s), 0 Warning(s), took 0.19ms to complete.
[2020.03.28-17.39.08:047][  0]LogFileHelpers: Loading map '2DSideScrollerExampleMap' took 10.852
[2020.03.28-17.39.27:565][  0]LogSlate: Updating window title bar state: overlay mode, drag disabled, window buttons hidden, title bar hidden
[2020.03.28-17.39.28:418][  0]LogSlate: Updating window title bar state: overlay mode, drag disabled, window buttons hidden, title bar hidden
[2020.03.28-17.39.28:426][  0]LogSlate: Updating window title bar state: overlay mode, drag disabled, window buttons hidden, title bar hidden
[2020.03.28-17.39.28:435][  0]LogSlate: Updating window title bar state: overlay mode, drag disabled, window buttons hidden, title bar hidden
[2020.03.28-17.39.29:489][  0]LogCollectionManager: Loaded 0 collections in 0.005323 seconds
[2020.03.28-17.39.31:281][  0]LogFileCache: Scanning file cache for directory 'C:/Users/Brian/Documents/HPU/Fun/MushroomHouse/UnrealProjects/LinzeysJourney/Saved/Collections/' took 0.00s
[2020.03.28-17.39.31:281][  0]LogFileCache: Scanning file cache for directory 'C:/Users/Brian/Documents/HPU/Fun/MushroomHouse/UnrealProjects/LinzeysJourney/Content/Developers/Brian/Collections/' took 0.00s
[2020.03.28-17.39.31:281][  0]LogFileCache: Scanning file cache for directory 'C:/Users/Brian/Documents/HPU/Fun/MushroomHouse/UnrealProjects/LinzeysJourney/Content/Collections/' took 0.00s
[2020.03.28-17.39.31:281][  0]LogCollectionManager: Rebuilt the GUID cache for 0 collections in 0.000005 seconds
[2020.03.28-17.39.31:525][  0]LogContentBrowser: Native class hierarchy populated in 0.0224 seconds. Added 3045 classes and 765 folders.
[2020.03.28-17.39.32:083][  0]LogContentBrowser: Native class hierarchy updated for 'WidgetCarousel' in 0.0003 seconds. Added 0 classes and 0 folders.
[2020.03.28-17.39.34:139][  0]LogContentBrowser: Native class hierarchy updated for 'AddContentDialog' in 0.0002 seconds. Added 0 classes and 0 folders.
[2020.03.28-17.39.35:206][  0]LogContentBrowser: Native class hierarchy updated for 'SceneOutliner' in 0.0003 seconds. Added 1 classes and 0 folders.
[2020.03.28-17.39.55:167][  0]LogSlate: Took 0.445277 seconds to synchronously load lazily loaded font '../../../Engine/Content/Slate/Fonts/Roboto-Regular.ttf' (155K)
[2020.03.28-17.39.55:549][  0]LogSlate: Took 0.329365 seconds to synchronously load lazily loaded font '../../../Engine/Content/Slate/Fonts/Roboto-Bold.ttf' (160K)
[2020.03.28-17.39.56:632][  0]LogSlate: Took 0.051941 seconds to synchronously load lazily loaded font '../../../Engine/Content/Editor/Slate/Fonts/FontAwesome.ttf' (139K)
[2020.03.28-17.40.02:263][  0]LogRenderer: Reallocating scene render targets to support 1068x624 Format 9 NumSamples 1 (Frame:1).
[2020.03.28-17.40.06:683][  0]LogContentBrowser: Native class hierarchy updated for 'HierarchicalLODOutliner' in 0.0003 seconds. Added 0 classes and 0 folders.
[2020.03.28-17.40.06:683][  0]LogLoad: (Engine Initialization) Total time: 582.74 seconds
[2020.03.28-17.40.06:683][  0]LogLoad: (Engine Initialization) Total Blueprint compile time: 0.00 seconds
[2020.03.28-17.40.12:579][  0]LogContentStreaming: Texture pool size now 800 MB
[2020.03.28-17.40.13:965][  0]LogSlate: Took 0.005857 seconds to synchronously load lazily loaded font '../../../Engine/Content/Slate/Fonts/Roboto-Light.ttf' (167K)
[2020.03.28-17.40.15:672][  8]LogAssetRegistry: Asset discovery search completed in 356.5287 seconds
[2020.03.28-17.40.15:676][  8]LogCollectionManager: Rebuilt the object cache for 0 collections in 0.000005 seconds (found 0 objects)
[2020.03.28-17.40.15:676][  8]LogCollectionManager: Fixed up redirectors for 0 collections in 0.000075 seconds (updated 0 objects)
[2020.03.28-17.41.06:776][154]LogEditorSessionSummary: EditorSessionSummary sent report. Type=Shutdown, SessionId={37E4A664-469F-A01C-8C5D-7EA06633682C}
[2020.03.28-17.46.17:128][495]LogEditorViewport: Clicking on Actor (context menu): PaperSpriteActor (Background_Sprite)
[2020.03.28-17.46.25:943][495]LogSlate: FSceneViewport::OnFocusLost() reason 5
[2020.03.28-17.50.59:308][214]LogSlate: FSceneViewport::OnFocusLost() reason 0
[2020.03.28-17.53.06:220][634]LogSlate: FSceneViewport::OnFocusLost() reason 0
[2020.03.28-17.53.46:158][374]LogSlate: Took 0.157838 seconds to synchronously load lazily loaded font '../../../Engine/Content/Slate/Fonts/Roboto-Light.ttf' (167K)
[2020.03.28-17.53.46:629][374]LogFactory: FactoryCreateFile: Texture with ReimportTextureFactory (0 0 ../../../../../../Users/Brian/Documents/HPU/Fun/EternalForest/Sketches/LinzeySketch.png)
[2020.03.28-17.53.47:392][374]LogTexture: Display: Building textures: LinzeySketch (BGRA8, 2266X3296)
[2020.03.28-17.54.07:764][375]LogSlate: Window 'Tutorials' being destroyed
[2020.03.28-17.54.08:124][375]LogSlate: Window 'Tutorials' being destroyed
[2020.03.28-17.54.15:249][937]LogAssetEditorManager: Opening Asset editor for Blueprint /Game/2DSideScrollerBP/Blueprints/2DSideScrollerCharacter.2DSideScrollerCharacter
[2020.03.28-17.54.32:029][937]LogContentBrowser: Native class hierarchy updated for 'BlueprintGraph' in 0.0008 seconds. Added 121 classes and 0 folders.
[2020.03.28-17.54.42:381][937]LogSlate: Took 0.015830 seconds to synchronously load lazily loaded font '../../../Engine/Content/Slate/Fonts/Roboto-BoldCondensed.ttf' (158K)
[2020.03.28-17.54.50:760][222]LogSlate: Took 0.092552 seconds to synchronously load lazily loaded font '../../../Engine/Content/Slate/Fonts/Roboto-Italic.ttf' (157K)
[2020.03.28-17.55.07:181][331]LogSlate: Warning: Ignoring SetUserFocus because it's not an active modal Window (user 0 not set to SAssetView [SContentBrowser.cpp(685)].
[2020.03.28-17.55.31:234][343]LogSlate: FSceneViewport::OnFocusLost() reason 0
[2020.03.28-17.56.09:869][548]BlueprintLog: New page: Compile 2DSideScrollerCharacter
[2020.03.28-17.56.12:475][548]LogUObjectHash: Compacting FUObjectHashTables data took   4.55ms
[2020.03.28-17.56.19:001][702]LogSavePackage: Moving '../../../../../../Users/Brian/Documents/HPU/Fun/MushroomHouse/UnrealProjects/LinzeysJourney/Saved/2DSideScrollerCharacter506B58F54780EED92B6E26852EAA1324.tmp' to '../../../../../../Users/Brian/Documents/HPU/Fun/MushroomHouse/UnrealProjects/LinzeysJourney/Content/2DSideScrollerBP/Blueprints/2DSideScrollerCharacter.uasset'
[2020.03.28-17.56.20:234][751]LogSlate: Window '2DSideScrollerCharacter' being destroyed
[2020.03.28-17.56.20:251][751]LogSlate: Window '2DSideScrollerCharacter' being destroyed
[2020.03.28-17.56.20:480][751]LogWorld: UWorld::CleanupWorld for World_1, bSessionEnded=true, bCleanupResources=true
[2020.03.28-17.59.18:167][ 63]LogTemp: Repeating last play command: Selected Viewport
[2020.03.28-17.59.18:308][ 63]LogBlueprintUserMessages: Early PlayInEditor Detection: Level '/Game/2DSideScrollerBP/Maps/2DSideScrollerExampleMap.2DSideScrollerExampleMap:PersistentLevel' has LevelScriptBlueprint '/Game/2DSideScrollerBP/Maps/2DSideScrollerExampleMap.2DSideScrollerExampleMap:PersistentLevel.2DSideScrollerExampleMap' with GeneratedClass '/Game/2DSideScrollerBP/Maps/2DSideScrollerExampleMap.2DSideScrollerExampleMap_C' with ClassGeneratedBy '/Game/2DSideScrollerBP/Maps/2DSideScrollerExampleMap.2DSideScrollerExampleMap:PersistentLevel.2DSideScrollerExampleMap'
[2020.03.28-17.59.18:403][ 63]LogPlayLevel: PlayLevel: No blueprints needed recompiling
[2020.03.28-17.59.18:730][ 63]PIE: New page: PIE session: 2DSideScrollerExampleMap (Mar 28, 2020, 9:59:18 AM)
[2020.03.28-17.59.19:109][ 63]LogOnline: OSS: Creating online subsystem instance for: NULL
[2020.03.28-17.59.19:339][ 63]LogPlayLevel: Creating play world package: /Game/2DSideScrollerBP/Maps/UEDPIE_0_2DSideScrollerExampleMap
[2020.03.28-17.59.19:473][ 63]LogPlayLevel: PIE: StaticDuplicateObject took: (0.133349s)
[2020.03.28-17.59.19:523][ 63]LogAIModule: Creating AISystem for world 2DSideScrollerExampleMap
[2020.03.28-17.59.19:557][ 63]LogPlayLevel: PIE: World Init took: (0.083436s)
[2020.03.28-17.59.19:580][ 63]LogPlayLevel: PIE: Created PIE world by copying editor world from /Game/2DSideScrollerBP/Maps/2DSideScrollerExampleMap.2DSideScrollerExampleMap to /Game/2DSideScrollerBP/Maps/UEDPIE_0_2DSideScrollerExampleMap.2DSideScrollerExampleMap (0.240479s)
[2020.03.28-17.59.19:966][ 63]LogUObjectHash: Compacting FUObjectHashTables data took   4.93ms
[2020.03.28-17.59.20:149][ 63]LogInit: XAudio2 using 'Speakers (Realtek High Definition Audio)' : 2 channels at 48 kHz using 32 bits per sample (channel mask 0x3)
[2020.03.28-17.59.20:228][ 63]LogInit: FAudioDevice initialized.
[2020.03.28-17.59.20:836][ 63]LogLoad: Game class is '2DSideScrollerGameMode_C'
[2020.03.28-17.59.21:590][ 63]LogWorld: Bringing World /Game/2DSideScrollerBP/Maps/UEDPIE_0_2DSideScrollerExampleMap.2DSideScrollerExampleMap up for play (max tick rate 0) at 2020.03.28-13.59.21
[2020.03.28-17.59.21:773][ 63]LogWorld: Bringing up level for play took: 0.226131
[2020.03.28-17.59.21:896][ 63]LogOnline: OSS: Creating online subsystem instance for: :Context_3
[2020.03.28-17.59.23:165][ 63]LogContentBrowser: Native class hierarchy updated for 'MovieSceneCapture' in 0.0006 seconds. Added 20 classes and 0 folders.
[2020.03.28-17.59.23:616][ 63]PIE: Play in editor start time for /Game/2DSideScrollerBP/Maps/UEDPIE_0_2DSideScrollerExampleMap 5.43
[2020.03.28-17.59.23:617][ 63]LogBlueprintUserMessages: Late PlayInEditor Detection: Level '/Game/2DSideScrollerBP/Maps/2DSideScrollerExampleMap.2DSideScrollerExampleMap:PersistentLevel' has LevelScriptBlueprint '/Game/2DSideScrollerBP/Maps/2DSideScrollerExampleMap.2DSideScrollerExampleMap:PersistentLevel.2DSideScrollerExampleMap' with GeneratedClass '/Game/2DSideScrollerBP/Maps/2DSideScrollerExampleMap.2DSideScrollerExampleMap_C' with ClassGeneratedBy '/Game/2DSideScrollerBP/Maps/2DSideScrollerExampleMap.2DSideScrollerExampleMap:PersistentLevel.2DSideScrollerExampleMap'
[2020.03.28-17.59.48:075][741]LogBlueprintUserMessages: Early EndPlayMap Detection: Level '/Game/2DSideScrollerBP/Maps/2DSideScrollerExampleMap.2DSideScrollerExampleMap:PersistentLevel' has LevelScriptBlueprint '/Game/2DSideScrollerBP/Maps/2DSideScrollerExampleMap.2DSideScrollerExampleMap:PersistentLevel.2DSideScrollerExampleMap' with GeneratedClass '/Game/2DSideScrollerBP/Maps/2DSideScrollerExampleMap.2DSideScrollerExampleMap_C' with ClassGeneratedBy '/Game/2DSideScrollerBP/Maps/2DSideScrollerExampleMap.2DSideScrollerExampleMap:PersistentLevel.2DSideScrollerExampleMap'
[2020.03.28-17.59.48:115][741]LogSlate: Updating window title bar state: overlay mode, drag disabled, window buttons hidden, title bar hidden
[2020.03.28-17.59.48:115][741]LogWorld: BeginTearingDown for /Game/2DSideScrollerBP/Maps/UEDPIE_0_2DSideScrollerExampleMap
[2020.03.28-17.59.48:180][741]LogWorld: UWorld::CleanupWorld for 2DSideScrollerExampleMap, bSessionEnded=true, bCleanupResources=true
[2020.03.28-17.59.48:540][741]LogPlayLevel: Display: Shutting down PIE online subsystems
[2020.03.28-17.59.48:540][741]LogBlueprintUserMessages: Late EndPlayMap Detection: Level '/Game/2DSideScrollerBP/Maps/2DSideScrollerExampleMap.2DSideScrollerExampleMap:PersistentLevel' has LevelScriptBlueprint '/Game/2DSideScrollerBP/Maps/2DSideScrollerExampleMap.2DSideScrollerExampleMap:PersistentLevel.2DSideScrollerExampleMap' with GeneratedClass '/Game/2DSideScrollerBP/Maps/2DSideScrollerExampleMap.2DSideScrollerExampleMap_C' with ClassGeneratedBy '/Game/2DSideScrollerBP/Maps/2DSideScrollerExampleMap.2DSideScrollerExampleMap:PersistentLevel.2DSideScrollerExampleMap'
[2020.03.28-17.59.48:986][741]LogSlate: Updating window title bar state: overlay mode, drag disabled, window buttons hidden, title bar hidden
[2020.03.28-17.59.49:442][741]LogUObjectHash: Compacting FUObjectHashTables data took   4.81ms
[2020.03.28-17.59.49:467][742]LogPlayLevel: Display: Destroying online subsystem :Context_3
[2020.03.28-17.59.53:120][146]LogSlate: FSceneViewport::OnFocusLost() reason 0
[2020.03.28-17.59.53:593][157]LogUObjectHash: Compacting FUObjectHashTables data took   3.50ms
[2020.03.28-17.59.54:778][157]LogSlate: Window 'Save Content' being destroyed
[2020.03.28-17.59.54:927][157]LogUObjectHash: Compacting FUObjectHashTables data took   1.13ms
[2020.03.28-17.59.55:161][157]LogSavePackage: Moving '../../../../../../Users/Brian/Documents/HPU/Fun/MushroomHouse/UnrealProjects/LinzeysJourney/Saved/2DSideScrollerExampleMapDDDA931F4F38C18E8A61BEA2B9DC77E9.tmp' to '../../../../../../Users/Brian/Documents/HPU/Fun/MushroomHouse/UnrealProjects/LinzeysJourney/Content/2DSideScrollerBP/Maps/2DSideScrollerExampleMap.umap'
[2020.03.28-17.59.55:205][157]LogFileHelpers: Saving map '2DSideScrollerExampleMap' took 0.343
[2020.03.28-17.59.56:000][157]LogSavePackage: Moving '../../../../../../Users/Brian/Documents/HPU/Fun/MushroomHouse/UnrealProjects/LinzeysJourney/Saved/LinzeySketch262D07A24B4EF11B11E6FCB9343FB3FE.tmp' to '../../../../../../Users/Brian/Documents/HPU/Fun/MushroomHouse/UnrealProjects/LinzeysJourney/Content/Textures/LinzeySketch.uasset'
[2020.03.28-17.59.56:094][157]LogSavePackage: Moving '../../../../../../Users/Brian/Documents/HPU/Fun/MushroomHouse/UnrealProjects/LinzeysJourney/Saved/LinzeySketch_FlipbookE295DDEF45E49AB9BC873E811026E8C5.tmp' to '../../../../../../Users/Brian/Documents/HPU/Fun/MushroomHouse/UnrealProjects/LinzeysJourney/Content/Textures/LinzeySketch_Flipbook.uasset'
[2020.03.28-17.59.56:210][157]LogSavePackage: Moving '../../../../../../Users/Brian/Documents/HPU/Fun/MushroomHouse/UnrealProjects/LinzeysJourney/Saved/LinzeySketch_Sprite00EDD4074BD0DE5AB67505BC81AAE74D.tmp' to '../../../../../../Users/Brian/Documents/HPU/Fun/MushroomHouse/UnrealProjects/LinzeysJourney/Content/Textures/LinzeySketch_Sprite.uasset'
[2020.03.28-18.06.13:304][ 93]LogFactory: FactoryCreateFile: Texture with ReimportTextureFactory (0 0 ../../../../../../Users/Brian/Documents/HPU/Fun/EternalForest/Images_Placeholders/bush2.tga)
[2020.03.28-18.06.13:632][ 93]LogTexture: Display: Building textures: bush2 (AutoDXT, 2048X1536)
[2020.03.28-18.06.17:955][141]LogEditorViewport: Clicking on Actor (LMB): PaperSpriteActor (Background_Sprite)
[2020.03.28-18.06.20:255][325]LogSlate: FSceneViewport::OnFocusLost() reason 0
[2020.03.28-18.06.30:653][302]LogEditorViewport: Clicking on Actor (LMB): PaperSpriteActor (Background_Sprite)
[2020.03.28-18.06.31:568][388]Cmd: DELETE
[2020.03.28-18.06.31:568][388]Cmd: ACTOR DELETE
[2020.03.28-18.06.33:177][388]LogEditorActor: Deleted Actor: PaperSpriteActor
[2020.03.28-18.06.33:257][388]LogUObjectHash: Compacting FUObjectHashTables data took   4.04ms
[2020.03.28-18.06.33:304][388]LogEditorActor: Deleted 1 Actors (0.482 secs)
[2020.03.28-18.06.34:402][505]LogSlate: FSceneViewport::OnFocusLost() reason 0
[2020.03.28-18.06.42:483][284]LogSlate: FSceneViewport::OnFocusLost() reason 0
[2020.03.28-18.06.42:683][303]LogAssetEditorManager: Opening Asset editor for PaperSprite /Game/Textures/bush2_Sprite.bush2_Sprite
[2020.03.28-18.06.45:286][304]LogRenderer: Reallocating scene render targets to support 1068x696 Format 9 NumSamples 1 (Frame:1).
[2020.03.28-18.06.49:462][605]LogSlate: Window 'bush2_Sprite' being destroyed
[2020.03.28-18.06.49:480][605]LogSlate: Window 'bush2_Sprite' being destroyed
[2020.03.28-18.07.42:529][605]LogWorld: UWorld::CleanupWorld for World_2, bSessionEnded=true, bCleanupResources=true
[2020.03.28-18.09.13:788][117]LogEditorFactories: Performing atomic reimport of [C:/Users/Brian/Documents/HPU/Fun/EternalForest/Images_Placeholders/bush2.tga]
[2020.03.28-18.09.13:790][117]LogFactory: FactoryCreateFile: Texture2D with ReimportTextureFactory (0 0 C:/Users/Brian/Documents/HPU/Fun/EternalForest/Images_Placeholders/bush2.tga)
[2020.03.28-18.09.13:829][117]LogTexture: Display: Building textures: bush2 (AutoDXT, 512X512)
[2020.03.28-18.09.14:148][117]LogEditorFactories: -- imported successfully
[2020.03.28-18.09.15:711][258]LogUObjectHash: Compacting FUObjectHashTables data took   2.49ms
[2020.03.28-18.09.16:610][258]LogSlate: Window 'Save Content' being destroyed
[2020.03.28-18.09.16:699][258]LogUObjectHash: Compacting FUObjectHashTables data took   0.98ms
[2020.03.28-18.09.17:270][258]LogSavePackage: Moving '../../../../../../Users/Brian/Documents/HPU/Fun/MushroomHouse/UnrealProjects/LinzeysJourney/Saved/2DSideScrollerExampleMap4DFC435B43A861490E3920BC6E31646C.tmp' to '../../../../../../Users/Brian/Documents/HPU/Fun/MushroomHouse/UnrealProjects/LinzeysJourney/Content/2DSideScrollerBP/Maps/2DSideScrollerExampleMap.umap'
[2020.03.28-18.09.17:298][258]LogFileHelpers: Saving map '2DSideScrollerExampleMap' took 0.632
[2020.03.28-18.09.17:306][258]Cmd: OBJ SAVEPACKAGE PACKAGE="/Game/Textures/bush2" FILE="../../../../../../Users/Brian/Documents/HPU/Fun/MushroomHouse/UnrealProjects/LinzeysJourney/Content/Textures/bush2.uasset" SILENT=true
[2020.03.28-18.09.17:392][258]LogSavePackage: Moving '../../../../../../Users/Brian/Documents/HPU/Fun/MushroomHouse/UnrealProjects/LinzeysJourney/Saved/bush23394DE044A7DC9450D25D98600F7F597.tmp' to '../../../../../../Users/Brian/Documents/HPU/Fun/MushroomHouse/UnrealProjects/LinzeysJourney/Content/Textures/bush2.uasset'
[2020.03.28-18.09.17:462][258]LogSavePackage: Moving '../../../../../../Users/Brian/Documents/HPU/Fun/MushroomHouse/UnrealProjects/LinzeysJourney/Saved/bush2_Sprite408F95A942CD084CEBEBEA8A803AA839.tmp' to '../../../../../../Users/Brian/Documents/HPU/Fun/MushroomHouse/UnrealProjects/LinzeysJourney/Content/Textures/bush2_Sprite.uasset'
[2020.03.28-18.09.18:397][343]LogAssetEditorManager: Opening Asset editor for Texture2D /Game/Textures/bush2.bush2
[2020.03.28-18.09.18:733][343]LogContentBrowser: Native class hierarchy updated for 'TextureEditor' in 0.0003 seconds. Added 1 classes and 2 folders.
[2020.03.28-18.09.30:122][107]LogTexture: Display: Building textures: bush2 (BGRA8, 512X512)
[2020.03.28-18.09.35:711][562]LogTexture: Display: Building textures: bush2 (BC6H, 512X512)
[2020.03.28-18.09.37:516][685]Cmd: OBJ SAVEPACKAGE PACKAGE="/Game/Textures/bush2" FILE="../../../../../../Users/Brian/Documents/HPU/Fun/MushroomHouse/UnrealProjects/LinzeysJourney/Content/Textures/bush2.uasset" SILENT=true
[2020.03.28-18.09.37:548][685]LogSavePackage: Moving '../../../../../../Users/Brian/Documents/HPU/Fun/MushroomHouse/UnrealProjects/LinzeysJourney/Saved/bush2D80979E84FA90BCA9D24F2B5686F7354.tmp' to '../../../../../../Users/Brian/Documents/HPU/Fun/MushroomHouse/UnrealProjects/LinzeysJourney/Content/Textures/bush2.uasset'
[2020.03.28-18.09.39:644][866]LogSlate: Window 'bush2' being destroyed
[2020.03.28-18.09.39:662][866]LogSlate: Window 'bush2' being destroyed
[2020.03.28-18.09.46:224][452]Cmd: DELETE
[2020.03.28-18.09.46:224][452]Cmd: ACTOR DELETE
[2020.03.28-18.09.46:225][452]LogEditorActor: Deleted Actor: 2DSideScrollerCharacter_C
[2020.03.28-18.09.46:427][452]LogUObjectHash: Compacting FUObjectHashTables data took   4.65ms
[2020.03.28-18.09.46:427][452]LogEditorActor: Deleted 1 Actors (0.203 secs)
[2020.03.28-18.09.48:249][650]LogUObjectHash: Compacting FUObjectHashTables data took   3.69ms
[2020.03.28-18.09.50:108][650]LogSlate: Window 'Delete Assets' being destroyed
[2020.03.28-18.09.51:130][758]LogUObjectHash: Compacting FUObjectHashTables data took   1.24ms
[2020.03.28-18.09.52:093][758]LogSlate: Window 'Save Content' being destroyed
[2020.03.28-18.09.52:171][758]LogUObjectHash: Compacting FUObjectHashTables data took   0.90ms
[2020.03.28-18.09.52:340][758]LogSavePackage: Moving '../../../../../../Users/Brian/Documents/HPU/Fun/MushroomHouse/UnrealProjects/LinzeysJourney/Saved/2DSideScrollerExampleMap85DF563D466AAA4453EF8F8792881F25.tmp' to '../../../../../../Users/Brian/Documents/HPU/Fun/MushroomHouse/UnrealProjects/LinzeysJourney/Content/2DSideScrollerBP/Maps/2DSideScrollerExampleMap.umap'
[2020.03.28-18.09.52:476][758]LogFileHelpers: Saving map '2DSideScrollerExampleMap' took 0.340
[2020.03.28-18.09.54:080][883]LogUObjectHash: Compacting FUObjectHashTables data took   3.25ms
[2020.03.28-18.09.57:967][883]LogSlate: Window 'Delete Assets' being destroyed
[2020.03.28-18.10.10:682][233]LogSlate: Window 'Extract sprites' being destroyed
[2020.03.28-18.10.21:418][486]LogUObjectHash: Compacting FUObjectHashTables data took   0.97ms
[2020.03.28-18.10.23:733][486]LogSlate: Window 'Delete Assets' being destroyed
[2020.03.28-18.10.24:420][486]LogUObjectGlobals: Force Deleting 1 Package(s):
	Asset Name: /Game/Textures/bush2_Sprite.bush2_Sprite
[2020.03.28-18.10.29:832][486]LogUObjectHash: Compacting FUObjectHashTables data took   3.25ms
[2020.03.28-18.10.29:869][486]LogUObjectHash: Compacting FUObjectHashTables data took   2.79ms
[2020.03.28-18.10.29:898][486]LogUObjectHash: Compacting FUObjectHashTables data took   0.88ms
[2020.03.28-18.10.32:204][754]LogUObjectHash: Compacting FUObjectHashTables data took   0.91ms
[2020.03.28-18.10.33:078][754]LogSlate: Window 'Save Content' being destroyed
[2020.03.28-18.10.33:204][754]LogUObjectHash: Compacting FUObjectHashTables data took   1.01ms
[2020.03.28-18.10.33:372][754]LogSavePackage: Moving '../../../../../../Users/Brian/Documents/HPU/Fun/MushroomHouse/UnrealProjects/LinzeysJourney/Saved/2DSideScrollerExampleMapACA7C95946C4DC8446C14C836CD5E705.tmp' to '../../../../../../Users/Brian/Documents/HPU/Fun/MushroomHouse/UnrealProjects/LinzeysJourney/Content/2DSideScrollerBP/Maps/2DSideScrollerExampleMap.umap'
[2020.03.28-18.10.33:396][754]LogFileHelpers: Saving map '2DSideScrollerExampleMap' took 0.270
[2020.03.28-18.10.38:935][353]LogAssetEditorManager: Opening Asset editor for PaperSprite /Game/Textures/bush2_Sprite.bush2_Sprite
[2020.03.28-18.10.54:228][626]LogTexture: Display: Building textures: 2DBackgroundTile (AutoDXT, 256X256)
[2020.03.28-18.10.54:228][626]LogMaterial: Display: Missing cached shader map for material PrototypingSpriteMaterial, compiling. 
[2020.03.28-18.10.55:175][626]LogShaderCompilers: Display: Worker (1/3): shaders left to compile 10
[2020.03.28-18.10.55:175][626]LogShaderCompilers: Display: Worker (2/3): shaders left to compile 6
[2020.03.28-18.10.55:175][626]LogShaderCompilers: Display: Worker (3/3): shaders left to compile 2
[2020.03.28-18.11.08:223][671]LogSlate: FSceneViewport::OnFocusLost() reason 0
[2020.03.28-18.11.08:304][679]LogSlate: Window 'bush2_Sprite' being destroyed
[2020.03.28-18.11.08:322][679]LogSlate: Window 'bush2_Sprite' being destroyed
[2020.03.28-18.11.08:323][679]LogWorld: UWorld::CleanupWorld for World_3, bSessionEnded=true, bCleanupResources=true
[2020.03.28-18.11.10:146][878]LogUObjectHash: Compacting FUObjectHashTables data took   3.23ms
[2020.03.28-18.11.11:456][878]LogSlate: Window 'Delete Assets' being destroyed
[2020.03.28-18.11.11:641][878]LogUObjectHash: Compacting FUObjectHashTables data took   2.72ms
[2020.03.28-18.11.17:823][539]LogAssetEditorManager: Opening Asset editor for PaperSprite /Game/2DSideScroller/Sprites/Background_Sprite.Background_Sprite
[2020.03.28-18.11.35:986][938]LogSlate: Window 'Background_Sprite' being destroyed
[2020.03.28-18.11.36:006][938]LogSlate: Window 'Background_Sprite' being destroyed
[2020.03.28-18.11.36:016][938]LogWorld: UWorld::CleanupWorld for World_4, bSessionEnded=true, bCleanupResources=true
[2020.03.28-18.11.39:783][365]LogAssetEditorManager: Opening Asset editor for Texture2D /Game/2DSideScroller/Textures/2DBackground.2DBackground
[2020.03.28-18.11.54:373][741]LogSavePackage: Moving '../../../../../../Users/Brian/Documents/HPU/Fun/MushroomHouse/UnrealProjects/LinzeysJourney/Saved/bush2885545EB4D3803039031638F7302CFA9.tmp' to '../../../../../../Users/Brian/Documents/HPU/Fun/MushroomHouse/UnrealProjects/LinzeysJourney/Content/2DSideScroller/Textures/bush2.uasset'
[2020.03.28-18.11.54:601][741]LogUObjectHash: Compacting FUObjectHashTables data took   3.04ms
[2020.03.28-18.11.54:646][741]LogUObjectHash: Compacting FUObjectHashTables data took   2.93ms
[2020.03.28-18.11.54:676][741]LogUObjectHash: Compacting FUObjectHashTables data took   0.89ms
[2020.03.28-18.12.04:415][689]LogAssetEditorManager: Opening Asset editor for Texture2D /Game/2DSideScroller/Textures/bush2.bush2
[2020.03.28-18.12.10:143][231]LogTexture: Display: Building textures: bush2 (BGRA8, 512X512)
[2020.03.28-18.12.11:913][392]LogSavePackage: Moving '../../../../../../Users/Brian/Documents/HPU/Fun/MushroomHouse/UnrealProjects/LinzeysJourney/Saved/bush2E06BB3C549B0650F566B59BDD017A2F4.tmp' to '../../../../../../Users/Brian/Documents/HPU/Fun/MushroomHouse/UnrealProjects/LinzeysJourney/Content/2DSideScroller/Textures/bush2.uasset'
[2020.03.28-18.12.27:442][937]LogSavePackage: Moving '../../../../../../Users/Brian/Documents/HPU/Fun/MushroomHouse/UnrealProjects/LinzeysJourney/Saved/bush2637CF16C42D4F62D26705C90C60EAF8D.tmp' to '../../../../../../Users/Brian/Documents/HPU/Fun/MushroomHouse/UnrealProjects/LinzeysJourney/Content/2DSideScroller/Textures/bush2.uasset'
[2020.03.28-18.12.44:100][581]LogTexture: Display: Building textures: bush2 (BGRA8, 512X512)
[2020.03.28-18.12.47:065][851]LogSavePackage: Moving '../../../../../../Users/Brian/Documents/HPU/Fun/MushroomHouse/UnrealProjects/LinzeysJourney/Saved/bush2ADDCA7E346B32FC38098C58A011BD44E.tmp' to '../../../../../../Users/Brian/Documents/HPU/Fun/MushroomHouse/UnrealProjects/LinzeysJourney/Content/2DSideScroller/Textures/bush2.uasset'
[2020.03.28-18.13.03:420][386]LogTexture: Display: Building textures: bush2 (BGRA8, 512X512)
[2020.03.28-18.13.14:250][344]LogSavePackage: Moving '../../../../../../Users/Brian/Documents/HPU/Fun/MushroomHouse/UnrealProjects/LinzeysJourney/Saved/bush27B5144DA4C57F1A2DA496896D2E2D79A.tmp' to '../../../../../../Users/Brian/Documents/HPU/Fun/MushroomHouse/UnrealProjects/LinzeysJourney/Content/2DSideScroller/Textures/bush2.uasset'
[2020.03.28-18.13.26:997][507]LogSavePackage: Moving '../../../../../../Users/Brian/Documents/HPU/Fun/MushroomHouse/UnrealProjects/LinzeysJourney/Saved/bush29C9C111D49F3853B822F2AA3FC2F2E81.tmp' to '../../../../../../Users/Brian/Documents/HPU/Fun/MushroomHouse/UnrealProjects/LinzeysJourney/Content/2DSideScroller/Textures/bush2.uasset'
[2020.03.28-18.13.41:672][742]LogSavePackage: Moving '../../../../../../Users/Brian/Documents/HPU/Fun/MushroomHouse/UnrealProjects/LinzeysJourney/Saved/bush2AC929968497ADE332C7DE899984A77E5.tmp' to '../../../../../../Users/Brian/Documents/HPU/Fun/MushroomHouse/UnrealProjects/LinzeysJourney/Content/2DSideScroller/Textures/bush2.uasset'
[2020.03.28-18.13.43:782][873]LogSlate: Window 'bush2' being destroyed
[2020.03.28-18.13.43:804][873]LogSlate: Window 'bush2' being destroyed
[2020.03.28-18.13.48:960][264]LogAssetEditorManager: Opening Asset editor for Texture2D /Game/2DSideScroller/Textures/bush2.bush2
[2020.03.28-18.13.50:303][372]LogSavePackage: Moving '../../../../../../Users/Brian/Documents/HPU/Fun/MushroomHouse/UnrealProjects/LinzeysJourney/Saved/bush28F7B088F408263250E30619800BFD900.tmp' to '../../../../../../Users/Brian/Documents/HPU/Fun/MushroomHouse/UnrealProjects/LinzeysJourney/Content/2DSideScroller/Textures/bush2.uasset'
[2020.03.28-18.13.56:419][936]LogSlate: Window 'bush2' being destroyed
[2020.03.28-18.13.56:439][936]LogSlate: Window 'bush2' being destroyed
[2020.03.28-18.15.04:462][163]LogEditorFactories: Performing atomic reimport of [C:/Users/Brian/Documents/HPU/Fun/EternalForest/Images_Placeholders/bush2.png]
[2020.03.28-18.15.04:463][163]LogFactory: FactoryCreateFile: Texture2D with ReimportTextureFactory (0 0 C:/Users/Brian/Documents/HPU/Fun/EternalForest/Images_Placeholders/bush2.png)
[2020.03.28-18.15.04:522][163]LogTexture: Display: Building textures: bush2 (BGRA8, 512X512)
[2020.03.28-18.15.04:533][163]LogEditorFactories: -- imported successfully
[2020.03.28-18.15.13:307][ 80]LogSavePackage: Moving '../../../../../../Users/Brian/Documents/HPU/Fun/MushroomHouse/UnrealProjects/LinzeysJourney/Saved/bush2_Sprite07DDA3D048FAF241F6460C9009095A13.tmp' to '../../../../../../Users/Brian/Documents/HPU/Fun/MushroomHouse/UnrealProjects/LinzeysJourney/Content/2DSideScroller/Sprites/bush2_Sprite.uasset'
[2020.03.28-18.15.13:518][ 80]LogUObjectHash: Compacting FUObjectHashTables data took   3.11ms
[2020.03.28-18.15.13:564][ 80]LogUObjectHash: Compacting FUObjectHashTables data took   2.45ms
[2020.03.28-18.15.13:596][ 80]LogUObjectHash: Compacting FUObjectHashTables data took   0.89ms
[2020.03.28-18.15.25:483][390]LogSlate: FSceneViewport::OnFocusLost() reason 0
[2020.03.28-18.15.43:245][307]LogSlate: FSceneViewport::OnFocusLost() reason 0
[2020.03.28-18.15.43:297][313]LogTemp: Repeating last play command: Selected Viewport
[2020.03.28-18.15.43:429][313]LogBlueprintUserMessages: Early PlayInEditor Detection: Level '/Game/2DSideScrollerBP/Maps/2DSideScrollerExampleMap.2DSideScrollerExampleMap:PersistentLevel' has LevelScriptBlueprint '/Game/2DSideScrollerBP/Maps/2DSideScrollerExampleMap.2DSideScrollerExampleMap:PersistentLevel.2DSideScrollerExampleMap' with GeneratedClass '/Game/2DSideScrollerBP/Maps/2DSideScrollerExampleMap.2DSideScrollerExampleMap_C' with ClassGeneratedBy '/Game/2DSideScrollerBP/Maps/2DSideScrollerExampleMap.2DSideScrollerExampleMap:PersistentLevel.2DSideScrollerExampleMap'
[2020.03.28-18.15.43:429][313]LogPlayLevel: PlayLevel: No blueprints needed recompiling
[2020.03.28-18.15.43:429][313]PIE: New page: PIE session: 2DSideScrollerExampleMap (Mar 28, 2020, 10:15:43 AM)
[2020.03.28-18.15.43:430][313]LogPlayLevel: Creating play world package: /Game/2DSideScrollerBP/Maps/UEDPIE_0_2DSideScrollerExampleMap
[2020.03.28-18.15.43:432][313]LogPlayLevel: PIE: StaticDuplicateObject took: (0.002512s)
[2020.03.28-18.15.43:433][313]LogAIModule: Creating AISystem for world 2DSideScrollerExampleMap
[2020.03.28-18.15.43:433][313]LogPlayLevel: PIE: World Init took: (0.001053s)
[2020.03.28-18.15.43:433][313]LogPlayLevel: PIE: Created PIE world by copying editor world from /Game/2DSideScrollerBP/Maps/2DSideScrollerExampleMap.2DSideScrollerExampleMap to /Game/2DSideScrollerBP/Maps/UEDPIE_0_2DSideScrollerExampleMap.2DSideScrollerExampleMap (0.003720s)
[2020.03.28-18.15.43:467][313]LogUObjectHash: Compacting FUObjectHashTables data took   2.88ms
[2020.03.28-18.15.43:484][313]LogInit: XAudio2 using 'Speakers (Realtek High Definition Audio)' : 2 channels at 48 kHz using 32 bits per sample (channel mask 0x3)
[2020.03.28-18.15.43:550][313]LogInit: FAudioDevice initialized.
[2020.03.28-18.15.43:558][313]LogLoad: Game class is '2DSideScrollerGameMode_C'
[2020.03.28-18.15.43:560][313]LogWorld: Bringing World /Game/2DSideScrollerBP/Maps/UEDPIE_0_2DSideScrollerExampleMap.2DSideScrollerExampleMap up for play (max tick rate 0) at 2020.03.28-14.15.43
[2020.03.28-18.15.43:560][313]LogWorld: Bringing up level for play took: 0.000909
[2020.03.28-18.15.43:561][313]LogOnline: OSS: Creating online subsystem instance for: :Context_7
[2020.03.28-18.15.43:782][313]PIE: Play in editor start time for /Game/2DSideScrollerBP/Maps/UEDPIE_0_2DSideScrollerExampleMap -0.405
[2020.03.28-18.15.43:782][313]LogBlueprintUserMessages: Late PlayInEditor Detection: Level '/Game/2DSideScrollerBP/Maps/2DSideScrollerExampleMap.2DSideScrollerExampleMap:PersistentLevel' has LevelScriptBlueprint '/Game/2DSideScrollerBP/Maps/2DSideScrollerExampleMap.2DSideScrollerExampleMap:PersistentLevel.2DSideScrollerExampleMap' with GeneratedClass '/Game/2DSideScrollerBP/Maps/2DSideScrollerExampleMap.2DSideScrollerExampleMap_C' with ClassGeneratedBy '/Game/2DSideScrollerBP/Maps/2DSideScrollerExampleMap.2DSideScrollerExampleMap:PersistentLevel.2DSideScrollerExampleMap'
[2020.03.28-18.15.53:036][407]LogBlueprintUserMessages: Early EndPlayMap Detection: Level '/Game/2DSideScrollerBP/Maps/2DSideScrollerExampleMap.2DSideScrollerExampleMap:PersistentLevel' has LevelScriptBlueprint '/Game/2DSideScrollerBP/Maps/2DSideScrollerExampleMap.2DSideScrollerExampleMap:PersistentLevel.2DSideScrollerExampleMap' with GeneratedClass '/Game/2DSideScrollerBP/Maps/2DSideScrollerExampleMap.2DSideScrollerExampleMap_C' with ClassGeneratedBy '/Game/2DSideScrollerBP/Maps/2DSideScrollerExampleMap.2DSideScrollerExampleMap:PersistentLevel.2DSideScrollerExampleMap'
[2020.03.28-18.15.53:037][407]LogSlate: Updating window title bar state: overlay mode, drag disabled, window buttons hidden, title bar hidden
[2020.03.28-18.15.53:037][407]LogWorld: BeginTearingDown for /Game/2DSideScrollerBP/Maps/UEDPIE_0_2DSideScrollerExampleMap
[2020.03.28-18.15.53:037][407]LogWorld: UWorld::CleanupWorld for 2DSideScrollerExampleMap, bSessionEnded=true, bCleanupResources=true
[2020.03.28-18.15.53:048][407]LogPlayLevel: Display: Shutting down PIE online subsystems
[2020.03.28-18.15.53:048][407]LogBlueprintUserMessages: Late EndPlayMap Detection: Level '/Game/2DSideScrollerBP/Maps/2DSideScrollerExampleMap.2DSideScrollerExampleMap:PersistentLevel' has LevelScriptBlueprint '/Game/2DSideScrollerBP/Maps/2DSideScrollerExampleMap.2DSideScrollerExampleMap:PersistentLevel.2DSideScrollerExampleMap' with GeneratedClass '/Game/2DSideScrollerBP/Maps/2DSideScrollerExampleMap.2DSideScrollerExampleMap_C' with ClassGeneratedBy '/Game/2DSideScrollerBP/Maps/2DSideScrollerExampleMap.2DSideScrollerExampleMap:PersistentLevel.2DSideScrollerExampleMap'
[2020.03.28-18.15.53:087][407]LogSlate: Updating window title bar state: overlay mode, drag disabled, window buttons hidden, title bar hidden
[2020.03.28-18.15.53:116][407]LogUObjectHash: Compacting FUObjectHashTables data took   3.06ms
[2020.03.28-18.15.53:141][408]LogPlayLevel: Display: Destroying online subsystem :Context_7
[2020.03.28-18.15.55:434][664]LogSlate: FSceneViewport::OnFocusLost() reason 0
[2020.03.28-18.16.13:476][128]LogEditorFactories: Performing atomic reimport of [C:/Users/Brian/Documents/HPU/Fun/EternalForest/Images_Placeholders/bush2.png]
[2020.03.28-18.16.13:479][128]LogFactory: FactoryCreateFile: Texture2D with ReimportTextureFactory (0 0 C:/Users/Brian/Documents/HPU/Fun/EternalForest/Images_Placeholders/bush2.png)
[2020.03.28-18.16.13:570][128]LogTexture: Display: Building textures: bush2 (BGRA8, 512X512)
[2020.03.28-18.16.13:582][128]LogEditorFactories: -- imported successfully
[2020.03.28-18.16.15:377][326]LogTemp: Repeating last play command: Selected Viewport
[2020.03.28-18.16.15:387][326]LogBlueprintUserMessages: Early PlayInEditor Detection: Level '/Game/2DSideScrollerBP/Maps/2DSideScrollerExampleMap.2DSideScrollerExampleMap:PersistentLevel' has LevelScriptBlueprint '/Game/2DSideScrollerBP/Maps/2DSideScrollerExampleMap.2DSideScrollerExampleMap:PersistentLevel.2DSideScrollerExampleMap' with GeneratedClass '/Game/2DSideScrollerBP/Maps/2DSideScrollerExampleMap.2DSideScrollerExampleMap_C' with ClassGeneratedBy '/Game/2DSideScrollerBP/Maps/2DSideScrollerExampleMap.2DSideScrollerExampleMap:PersistentLevel.2DSideScrollerExampleMap'
[2020.03.28-18.16.15:387][326]LogPlayLevel: PlayLevel: No blueprints needed recompiling
[2020.03.28-18.16.15:387][326]PIE: New page: PIE session: 2DSideScrollerExampleMap (Mar 28, 2020, 10:16:15 AM)
[2020.03.28-18.16.15:387][326]LogPlayLevel: Creating play world package: /Game/2DSideScrollerBP/Maps/UEDPIE_0_2DSideScrollerExampleMap
[2020.03.28-18.16.15:390][326]LogPlayLevel: PIE: StaticDuplicateObject took: (0.002503s)
[2020.03.28-18.16.15:391][326]LogAIModule: Creating AISystem for world 2DSideScrollerExampleMap
[2020.03.28-18.16.15:430][326]LogPlayLevel: PIE: World Init took: (0.039940s)
[2020.03.28-18.16.15:430][326]LogPlayLevel: PIE: Created PIE world by copying editor world from /Game/2DSideScrollerBP/Maps/2DSideScrollerExampleMap.2DSideScrollerExampleMap to /Game/2DSideScrollerBP/Maps/UEDPIE_0_2DSideScrollerExampleMap.2DSideScrollerExampleMap (0.042604s)
[2020.03.28-18.16.15:463][326]LogUObjectHash: Compacting FUObjectHashTables data took   3.05ms
[2020.03.28-18.16.15:475][326]LogInit: XAudio2 using 'Speakers (Realtek High Definition Audio)' : 2 channels at 48 kHz using 32 bits per sample (channel mask 0x3)
[2020.03.28-18.16.15:516][326]LogInit: FAudioDevice initialized.
[2020.03.28-18.16.15:526][326]LogLoad: Game class is '2DSideScrollerGameMode_C'
[2020.03.28-18.16.15:528][326]LogWorld: Bringing World /Game/2DSideScrollerBP/Maps/UEDPIE_0_2DSideScrollerExampleMap.2DSideScrollerExampleMap up for play (max tick rate 0) at 2020.03.28-14.16.15
[2020.03.28-18.16.15:528][326]LogWorld: Bringing up level for play took: 0.001223
[2020.03.28-18.16.15:528][326]LogOnline: OSS: Creating online subsystem instance for: :Context_8
[2020.03.28-18.16.15:531][326]PIE: Play in editor start time for /Game/2DSideScrollerBP/Maps/UEDPIE_0_2DSideScrollerExampleMap -0.655
[2020.03.28-18.16.15:531][326]LogBlueprintUserMessages: Late PlayInEditor Detection: Level '/Game/2DSideScrollerBP/Maps/2DSideScrollerExampleMap.2DSideScrollerExampleMap:PersistentLevel' has LevelScriptBlueprint '/Game/2DSideScrollerBP/Maps/2DSideScrollerExampleMap.2DSideScrollerExampleMap:PersistentLevel.2DSideScrollerExampleMap' with GeneratedClass '/Game/2DSideScrollerBP/Maps/2DSideScrollerExampleMap.2DSideScrollerExampleMap_C' with ClassGeneratedBy '/Game/2DSideScrollerBP/Maps/2DSideScrollerExampleMap.2DSideScrollerExampleMap:PersistentLevel.2DSideScrollerExampleMap'
[2020.03.28-18.16.26:736][658]LogBlueprintUserMessages: Early EndPlayMap Detection: Level '/Game/2DSideScrollerBP/Maps/2DSideScrollerExampleMap.2DSideScrollerExampleMap:PersistentLevel' has LevelScriptBlueprint '/Game/2DSideScrollerBP/Maps/2DSideScrollerExampleMap.2DSideScrollerExampleMap:PersistentLevel.2DSideScrollerExampleMap' with GeneratedClass '/Game/2DSideScrollerBP/Maps/2DSideScrollerExampleMap.2DSideScrollerExampleMap_C' with ClassGeneratedBy '/Game/2DSideScrollerBP/Maps/2DSideScrollerExampleMap.2DSideScrollerExampleMap:PersistentLevel.2DSideScrollerExampleMap'
[2020.03.28-18.16.26:736][658]LogSlate: Updating window title bar state: overlay mode, drag disabled, window buttons hidden, title bar hidden
[2020.03.28-18.16.26:736][658]LogWorld: BeginTearingDown for /Game/2DSideScrollerBP/Maps/UEDPIE_0_2DSideScrollerExampleMap
[2020.03.28-18.16.26:736][658]LogWorld: UWorld::CleanupWorld for 2DSideScrollerExampleMap, bSessionEnded=true, bCleanupResources=true
[2020.03.28-18.16.26:746][658]LogPlayLevel: Display: Shutting down PIE online subsystems
[2020.03.28-18.16.26:746][658]LogBlueprintUserMessages: Late EndPlayMap Detection: Level '/Game/2DSideScrollerBP/Maps/2DSideScrollerExampleMap.2DSideScrollerExampleMap:PersistentLevel' has LevelScriptBlueprint '/Game/2DSideScrollerBP/Maps/2DSideScrollerExampleMap.2DSideScrollerExampleMap:PersistentLevel.2DSideScrollerExampleMap' with GeneratedClass '/Game/2DSideScrollerBP/Maps/2DSideScrollerExampleMap.2DSideScrollerExampleMap_C' with ClassGeneratedBy '/Game/2DSideScrollerBP/Maps/2DSideScrollerExampleMap.2DSideScrollerExampleMap:PersistentLevel.2DSideScrollerExampleMap'
[2020.03.28-18.16.26:784][658]LogSlate: Updating window title bar state: overlay mode, drag disabled, window buttons hidden, title bar hidden
[2020.03.28-18.16.26:788][658]LogUObjectHash: Compacting FUObjectHashTables data took   2.93ms
[2020.03.28-18.16.26:840][662]LogPlayLevel: Display: Destroying online subsystem :Context_8
[2020.03.28-18.16.29:593][975]LogSlate: FSceneViewport::OnFocusLost() reason 0
[2020.03.28-18.16.29:724][987]LogUObjectHash: Compacting FUObjectHashTables data took   1.01ms
[2020.03.28-18.16.30:759][987]LogSlate: Window 'Save Content' being destroyed
[2020.03.28-18.16.30:841][987]LogSavePackage: Moving '../../../../../../Users/Brian/Documents/HPU/Fun/MushroomHouse/UnrealProjects/LinzeysJourney/Saved/Background_SpriteECEAE54F4EE5AA26DB3AB9A5542A3E76.tmp' to '../../../../../../Users/Brian/Documents/HPU/Fun/MushroomHouse/UnrealProjects/LinzeysJourney/Content/2DSideScroller/Sprites/Background_Sprite.uasset'
[2020.03.28-18.16.30:955][987]LogSavePackage: Moving '../../../../../../Users/Brian/Documents/HPU/Fun/MushroomHouse/UnrealProjects/LinzeysJourney/Saved/bush2DB45724A4CACDE92C86C27AB878C61F4.tmp' to '../../../../../../Users/Brian/Documents/HPU/Fun/MushroomHouse/UnrealProjects/LinzeysJourney/Content/2DSideScroller/Textures/bush2.uasset'
[2020.03.28-18.16.30:999][987]LogUObjectHash: Compacting FUObjectHashTables data took   0.89ms
[2020.03.28-18.16.31:202][987]LogSavePackage: Moving '../../../../../../Users/Brian/Documents/HPU/Fun/MushroomHouse/UnrealProjects/LinzeysJourney/Saved/2DSideScrollerExampleMapB5FE87B240FDB5494F0B84A6D8D63A65.tmp' to '../../../../../../Users/Brian/Documents/HPU/Fun/MushroomHouse/UnrealProjects/LinzeysJourney/Content/2DSideScrollerBP/Maps/2DSideScrollerExampleMap.umap'
[2020.03.28-18.16.31:230][987]LogFileHelpers: Saving map '2DSideScrollerExampleMap' took 0.266
[2020.03.28-18.16.37:564][646]LogUObjectHash: Compacting FUObjectHashTables data took   3.07ms
[2020.03.28-18.16.37:701][646]LogWindows: LaunchURL http://docs.unrealengine.com/latest/INT/Platforms/HTML5/GettingStarted/index.html
[2020.03.28-18.16.47:480][942]LogUObjectHash: Compacting FUObjectHashTables data took   0.95ms
